{"/Users/nattyb/Library/Mobile Documents/com~apple~CloudDocs/Documents/Peanut Graphic Coding Projects/Peanut/peanut-license-server/frontend/src/App.tsx": {"path":"/Users/nattyb/Library/Mobile Documents/com~apple~CloudDocs/Documents/Peanut Graphic Coding Projects/Peanut/peanut-license-server/frontend/src/App.tsx","all":true,"statementMap":{"0":{"start":{"line":1,"column":0},"end":{"line":1,"column":74}},"1":{"start":{"line":2,"column":0},"end":{"line":2,"column":73}},"2":{"start":{"line":3,"column":0},"end":{"line":3,"column":43}},"3":{"start":{"line":4,"column":0},"end":{"line":4,"column":52}},"4":{"start":{"line":5,"column":0},"end":{"line":5,"column":8}},"5":{"start":{"line":6,"column":0},"end":{"line":6,"column":12}},"6":{"start":{"line":7,"column":0},"end":{"line":7,"column":11}},"7":{"start":{"line":8,"column":0},"end":{"line":8,"column":12}},"8":{"start":{"line":9,"column":0},"end":{"line":9,"column":8}},"9":{"start":{"line":10,"column":0},"end":{"line":10,"column":11}},"10":{"start":{"line":11,"column":0},"end":{"line":11,"column":11}},"11":{"start":{"line":12,"column":0},"end":{"line":12,"column":7}},"12":{"start":{"line":13,"column":0},"end":{"line":13,"column":11}},"13":{"start":{"line":14,"column":0},"end":{"line":14,"column":11}},"14":{"start":{"line":15,"column":0},"end":{"line":15,"column":17}},"15":{"start":{"line":16,"column":0},"end":{"line":16,"column":0}},"16":{"start":{"line":17,"column":0},"end":{"line":17,"column":37}},"17":{"start":{"line":18,"column":0},"end":{"line":18,"column":19}},"18":{"start":{"line":19,"column":0},"end":{"line":19,"column":14}},"19":{"start":{"line":20,"column":0},"end":{"line":20,"column":44}},"20":{"start":{"line":21,"column":0},"end":{"line":21,"column":15}},"21":{"start":{"line":22,"column":0},"end":{"line":22,"column":6}},"22":{"start":{"line":23,"column":0},"end":{"line":23,"column":4}},"23":{"start":{"line":24,"column":0},"end":{"line":24,"column":3}},"24":{"start":{"line":25,"column":0},"end":{"line":25,"column":0}},"25":{"start":{"line":26,"column":0},"end":{"line":26,"column":16}},"26":{"start":{"line":27,"column":0},"end":{"line":27,"column":50}},"27":{"start":{"line":28,"column":0},"end":{"line":28,"column":89}},"28":{"start":{"line":29,"column":0},"end":{"line":29,"column":42}},"29":{"start":{"line":30,"column":0},"end":{"line":30,"column":0}},"30":{"start":{"line":31,"column":0},"end":{"line":31,"column":10}},"31":{"start":{"line":32,"column":0},"end":{"line":32,"column":46}},"32":{"start":{"line":33,"column":0},"end":{"line":33,"column":21}},"33":{"start":{"line":34,"column":0},"end":{"line":34,"column":23}},"34":{"start":{"line":35,"column":0},"end":{"line":35,"column":45}},"35":{"start":{"line":36,"column":0},"end":{"line":36,"column":20}},"36":{"start":{"line":37,"column":0},"end":{"line":37,"column":56}},"37":{"start":{"line":38,"column":0},"end":{"line":38,"column":63}},"38":{"start":{"line":39,"column":0},"end":{"line":39,"column":67}},"39":{"start":{"line":40,"column":0},"end":{"line":40,"column":65}},"40":{"start":{"line":41,"column":0},"end":{"line":41,"column":57}},"41":{"start":{"line":42,"column":0},"end":{"line":42,"column":63}},"42":{"start":{"line":43,"column":0},"end":{"line":43,"column":63}},"43":{"start":{"line":44,"column":0},"end":{"line":44,"column":55}},"44":{"start":{"line":45,"column":0},"end":{"line":45,"column":63}},"45":{"start":{"line":46,"column":0},"end":{"line":46,"column":63}},"46":{"start":{"line":47,"column":0},"end":{"line":47,"column":70}},"47":{"start":{"line":48,"column":0},"end":{"line":48,"column":21}},"48":{"start":{"line":49,"column":0},"end":{"line":49,"column":26}},"49":{"start":{"line":50,"column":0},"end":{"line":50,"column":24}},"50":{"start":{"line":51,"column":0},"end":{"line":51,"column":22}},"51":{"start":{"line":52,"column":0},"end":{"line":52,"column":26}},"52":{"start":{"line":53,"column":0},"end":{"line":53,"column":4}},"53":{"start":{"line":54,"column":0},"end":{"line":54,"column":1}},"54":{"start":{"line":55,"column":0},"end":{"line":55,"column":0}},"55":{"start":{"line":56,"column":0},"end":{"line":56,"column":19}}},"s":{"0":0,"1":0,"2":0,"3":0,"4":0,"5":0,"6":0,"7":0,"8":0,"9":0,"10":0,"11":0,"12":0,"13":0,"14":0,"15":0,"16":0,"17":0,"18":0,"19":0,"20":0,"21":0,"22":0,"23":0,"24":0,"25":0,"26":0,"27":0,"28":0,"29":0,"30":0,"31":0,"32":0,"33":0,"34":0,"35":0,"36":0,"37":0,"38":0,"39":0,"40":0,"41":0,"42":0,"43":0,"44":0,"45":0,"46":0,"47":0,"48":0,"49":0,"50":0,"51":0,"52":0,"53":0,"54":0,"55":0},"branchMap":{"0":{"type":"branch","line":1,"loc":{"start":{"line":1,"column":0},"end":{"line":56,"column":19}},"locations":[{"start":{"line":1,"column":0},"end":{"line":56,"column":19}}]}},"b":{"0":[0]},"fnMap":{"0":{"name":"(empty-report)","decl":{"start":{"line":1,"column":0},"end":{"line":56,"column":19}},"loc":{"start":{"line":1,"column":0},"end":{"line":56,"column":19}},"line":1}},"f":{"0":0}}
,"/Users/nattyb/Library/Mobile Documents/com~apple~CloudDocs/Documents/Peanut Graphic Coding Projects/Peanut/peanut-license-server/frontend/src/api/client.test.ts": {"path":"/Users/nattyb/Library/Mobile Documents/com~apple~CloudDocs/Documents/Peanut Graphic Coding Projects/Peanut/peanut-license-server/frontend/src/api/client.test.ts","all":false,"statementMap":{"0":{"start":{"line":1,"column":0},"end":{"line":1,"column":62}},"1":{"start":{"line":2,"column":0},"end":{"line":2,"column":36}},"3":{"start":{"line":4,"column":0},"end":{"line":4,"column":28}},"4":{"start":{"line":5,"column":0},"end":{"line":5,"column":20}},"5":{"start":{"line":6,"column":0},"end":{"line":6,"column":23}},"6":{"start":{"line":7,"column":0},"end":{"line":7,"column":5}},"12":{"start":{"line":13,"column":0},"end":{"line":13,"column":54}},"13":{"start":{"line":14,"column":0},"end":{"line":14,"column":51}},"14":{"start":{"line":15,"column":0},"end":{"line":15,"column":15}},"15":{"start":{"line":16,"column":0},"end":{"line":16,"column":52}},"16":{"start":{"line":17,"column":0},"end":{"line":17,"column":19}},"18":{"start":{"line":19,"column":0},"end":{"line":19,"column":37}},"20":{"start":{"line":21,"column":0},"end":{"line":21,"column":46}},"21":{"start":{"line":22,"column":0},"end":{"line":22,"column":47}},"22":{"start":{"line":23,"column":0},"end":{"line":23,"column":31}},"23":{"start":{"line":24,"column":0},"end":{"line":24,"column":42}},"24":{"start":{"line":25,"column":0},"end":{"line":25,"column":45}},"25":{"start":{"line":26,"column":0},"end":{"line":26,"column":41}},"26":{"start":{"line":27,"column":0},"end":{"line":27,"column":11}},"27":{"start":{"line":28,"column":0},"end":{"line":28,"column":8}},"28":{"start":{"line":29,"column":0},"end":{"line":29,"column":6}},"29":{"start":{"line":30,"column":0},"end":{"line":30,"column":5}},"31":{"start":{"line":32,"column":0},"end":{"line":32,"column":43}},"32":{"start":{"line":33,"column":0},"end":{"line":33,"column":45}},"33":{"start":{"line":34,"column":0},"end":{"line":34,"column":51}},"34":{"start":{"line":35,"column":0},"end":{"line":35,"column":15}},"35":{"start":{"line":36,"column":0},"end":{"line":36,"column":44}},"36":{"start":{"line":37,"column":0},"end":{"line":37,"column":19}},"38":{"start":{"line":39,"column":0},"end":{"line":39,"column":60}},"40":{"start":{"line":41,"column":0},"end":{"line":41,"column":37}},"41":{"start":{"line":42,"column":0},"end":{"line":42,"column":5}},"47":{"start":{"line":48,"column":0},"end":{"line":48,"column":53}},"48":{"start":{"line":49,"column":0},"end":{"line":49,"column":51}},"49":{"start":{"line":50,"column":0},"end":{"line":50,"column":15}},"50":{"start":{"line":51,"column":0},"end":{"line":51,"column":38}},"51":{"start":{"line":52,"column":0},"end":{"line":52,"column":19}},"53":{"start":{"line":54,"column":0},"end":{"line":54,"column":29}},"54":{"start":{"line":55,"column":0},"end":{"line":55,"column":58}},"55":{"start":{"line":56,"column":0},"end":{"line":56,"column":7}},"57":{"start":{"line":58,"column":0},"end":{"line":58,"column":46}},"58":{"start":{"line":59,"column":0},"end":{"line":59,"column":67}},"59":{"start":{"line":60,"column":0},"end":{"line":60,"column":24}},"60":{"start":{"line":61,"column":0},"end":{"line":61,"column":6}},"61":{"start":{"line":62,"column":0},"end":{"line":62,"column":5}},"63":{"start":{"line":64,"column":0},"end":{"line":64,"column":50}},"64":{"start":{"line":65,"column":0},"end":{"line":65,"column":51}},"65":{"start":{"line":66,"column":0},"end":{"line":66,"column":15}},"66":{"start":{"line":67,"column":0},"end":{"line":67,"column":38}},"67":{"start":{"line":68,"column":0},"end":{"line":68,"column":19}},"69":{"start":{"line":70,"column":0},"end":{"line":70,"column":29}},"70":{"start":{"line":71,"column":0},"end":{"line":71,"column":45}},"71":{"start":{"line":72,"column":0},"end":{"line":72,"column":7}},"73":{"start":{"line":74,"column":0},"end":{"line":74,"column":73}},"74":{"start":{"line":75,"column":0},"end":{"line":75,"column":42}},"75":{"start":{"line":76,"column":0},"end":{"line":76,"column":46}},"76":{"start":{"line":77,"column":0},"end":{"line":77,"column":5}},"78":{"start":{"line":79,"column":0},"end":{"line":79,"column":49}},"79":{"start":{"line":80,"column":0},"end":{"line":80,"column":51}},"80":{"start":{"line":81,"column":0},"end":{"line":81,"column":15}},"81":{"start":{"line":82,"column":0},"end":{"line":82,"column":38}},"82":{"start":{"line":83,"column":0},"end":{"line":83,"column":19}},"84":{"start":{"line":85,"column":0},"end":{"line":85,"column":44}},"86":{"start":{"line":87,"column":0},"end":{"line":87,"column":73}},"87":{"start":{"line":88,"column":0},"end":{"line":88,"column":41}},"88":{"start":{"line":89,"column":0},"end":{"line":89,"column":5}},"94":{"start":{"line":95,"column":0},"end":{"line":95,"column":44}},"95":{"start":{"line":96,"column":0},"end":{"line":96,"column":51}},"96":{"start":{"line":97,"column":0},"end":{"line":97,"column":15}},"97":{"start":{"line":98,"column":0},"end":{"line":98,"column":53}},"98":{"start":{"line":99,"column":0},"end":{"line":99,"column":19}},"100":{"start":{"line":101,"column":0},"end":{"line":101,"column":29}},"101":{"start":{"line":102,"column":0},"end":{"line":102,"column":21}},"102":{"start":{"line":103,"column":0},"end":{"line":103,"column":45}},"103":{"start":{"line":104,"column":0},"end":{"line":104,"column":7}},"105":{"start":{"line":106,"column":0},"end":{"line":106,"column":46}},"106":{"start":{"line":107,"column":0},"end":{"line":107,"column":25}},"107":{"start":{"line":108,"column":0},"end":{"line":108,"column":31}},"108":{"start":{"line":109,"column":0},"end":{"line":109,"column":23}},"109":{"start":{"line":110,"column":0},"end":{"line":110,"column":47}},"110":{"start":{"line":111,"column":0},"end":{"line":111,"column":8}},"111":{"start":{"line":112,"column":0},"end":{"line":112,"column":6}},"112":{"start":{"line":113,"column":0},"end":{"line":113,"column":5}},"114":{"start":{"line":115,"column":0},"end":{"line":115,"column":45}},"115":{"start":{"line":116,"column":0},"end":{"line":116,"column":51}},"116":{"start":{"line":117,"column":0},"end":{"line":117,"column":15}},"117":{"start":{"line":118,"column":0},"end":{"line":118,"column":53}},"118":{"start":{"line":119,"column":0},"end":{"line":119,"column":19}},"120":{"start":{"line":121,"column":0},"end":{"line":121,"column":31}},"121":{"start":{"line":122,"column":0},"end":{"line":122,"column":22}},"122":{"start":{"line":123,"column":0},"end":{"line":123,"column":49}},"123":{"start":{"line":124,"column":0},"end":{"line":124,"column":7}},"125":{"start":{"line":126,"column":0},"end":{"line":126,"column":46}},"126":{"start":{"line":127,"column":0},"end":{"line":127,"column":25}},"127":{"start":{"line":128,"column":0},"end":{"line":128,"column":31}},"128":{"start":{"line":129,"column":0},"end":{"line":129,"column":24}},"129":{"start":{"line":130,"column":0},"end":{"line":130,"column":8}},"130":{"start":{"line":131,"column":0},"end":{"line":131,"column":6}},"131":{"start":{"line":132,"column":0},"end":{"line":132,"column":5}},"133":{"start":{"line":134,"column":0},"end":{"line":134,"column":46}},"134":{"start":{"line":135,"column":0},"end":{"line":135,"column":51}},"135":{"start":{"line":136,"column":0},"end":{"line":136,"column":15}},"136":{"start":{"line":137,"column":0},"end":{"line":137,"column":53}},"137":{"start":{"line":138,"column":0},"end":{"line":138,"column":19}},"139":{"start":{"line":140,"column":0},"end":{"line":140,"column":52}},"141":{"start":{"line":142,"column":0},"end":{"line":142,"column":46}},"142":{"start":{"line":143,"column":0},"end":{"line":143,"column":25}},"143":{"start":{"line":144,"column":0},"end":{"line":144,"column":31}},"144":{"start":{"line":145,"column":0},"end":{"line":145,"column":25}},"145":{"start":{"line":146,"column":0},"end":{"line":146,"column":8}},"146":{"start":{"line":147,"column":0},"end":{"line":147,"column":6}},"147":{"start":{"line":148,"column":0},"end":{"line":148,"column":5}},"153":{"start":{"line":154,"column":0},"end":{"line":154,"column":57}},"154":{"start":{"line":155,"column":0},"end":{"line":155,"column":51}},"155":{"start":{"line":156,"column":0},"end":{"line":156,"column":15}},"156":{"start":{"line":157,"column":0},"end":{"line":157,"column":38}},"157":{"start":{"line":158,"column":0},"end":{"line":158,"column":19}},"159":{"start":{"line":160,"column":0},"end":{"line":160,"column":28}},"161":{"start":{"line":162,"column":0},"end":{"line":162,"column":46}},"162":{"start":{"line":163,"column":0},"end":{"line":163,"column":25}},"163":{"start":{"line":164,"column":0},"end":{"line":164,"column":31}},"164":{"start":{"line":165,"column":0},"end":{"line":165,"column":42}},"165":{"start":{"line":166,"column":0},"end":{"line":166,"column":41}},"166":{"start":{"line":167,"column":0},"end":{"line":167,"column":11}},"167":{"start":{"line":168,"column":0},"end":{"line":168,"column":8}},"168":{"start":{"line":169,"column":0},"end":{"line":169,"column":6}},"169":{"start":{"line":170,"column":0},"end":{"line":170,"column":5}},"171":{"start":{"line":172,"column":0},"end":{"line":172,"column":50}},"172":{"start":{"line":173,"column":0},"end":{"line":173,"column":51}},"173":{"start":{"line":174,"column":0},"end":{"line":174,"column":15}},"174":{"start":{"line":175,"column":0},"end":{"line":175,"column":38}},"175":{"start":{"line":176,"column":0},"end":{"line":176,"column":19}},"177":{"start":{"line":178,"column":0},"end":{"line":178,"column":28}},"179":{"start":{"line":180,"column":0},"end":{"line":180,"column":46}},"180":{"start":{"line":181,"column":0},"end":{"line":181,"column":25}},"181":{"start":{"line":182,"column":0},"end":{"line":182,"column":31}},"182":{"start":{"line":183,"column":0},"end":{"line":183,"column":42}},"183":{"start":{"line":184,"column":0},"end":{"line":184,"column":45}},"184":{"start":{"line":185,"column":0},"end":{"line":185,"column":11}},"185":{"start":{"line":186,"column":0},"end":{"line":186,"column":8}},"186":{"start":{"line":187,"column":0},"end":{"line":187,"column":6}},"187":{"start":{"line":188,"column":0},"end":{"line":188,"column":5}},"189":{"start":{"line":190,"column":0},"end":{"line":190,"column":43}},"190":{"start":{"line":191,"column":0},"end":{"line":191,"column":51}},"191":{"start":{"line":192,"column":0},"end":{"line":192,"column":15}},"192":{"start":{"line":193,"column":0},"end":{"line":193,"column":38}},"193":{"start":{"line":194,"column":0},"end":{"line":194,"column":19}},"195":{"start":{"line":196,"column":0},"end":{"line":196,"column":29}},"196":{"start":{"line":197,"column":0},"end":{"line":197,"column":46}},"197":{"start":{"line":198,"column":0},"end":{"line":198,"column":7}},"199":{"start":{"line":200,"column":0},"end":{"line":200,"column":46}},"200":{"start":{"line":201,"column":0},"end":{"line":201,"column":25}},"201":{"start":{"line":202,"column":0},"end":{"line":202,"column":31}},"202":{"start":{"line":203,"column":0},"end":{"line":203,"column":42}},"203":{"start":{"line":204,"column":0},"end":{"line":204,"column":45}},"204":{"start":{"line":205,"column":0},"end":{"line":205,"column":41}},"205":{"start":{"line":206,"column":0},"end":{"line":206,"column":37}},"206":{"start":{"line":207,"column":0},"end":{"line":207,"column":11}},"207":{"start":{"line":208,"column":0},"end":{"line":208,"column":8}},"208":{"start":{"line":209,"column":0},"end":{"line":209,"column":6}},"209":{"start":{"line":210,"column":0},"end":{"line":210,"column":5}},"215":{"start":{"line":216,"column":0},"end":{"line":216,"column":54}},"216":{"start":{"line":217,"column":0},"end":{"line":217,"column":51}},"217":{"start":{"line":218,"column":0},"end":{"line":218,"column":16}},"218":{"start":{"line":219,"column":0},"end":{"line":219,"column":18}},"219":{"start":{"line":220,"column":0},"end":{"line":220,"column":60}},"220":{"start":{"line":221,"column":0},"end":{"line":221,"column":19}},"222":{"start":{"line":223,"column":0},"end":{"line":223,"column":70}},"223":{"start":{"line":224,"column":0},"end":{"line":224,"column":5}},"225":{"start":{"line":226,"column":0},"end":{"line":226,"column":71}},"226":{"start":{"line":227,"column":0},"end":{"line":227,"column":51}},"227":{"start":{"line":228,"column":0},"end":{"line":228,"column":16}},"228":{"start":{"line":229,"column":0},"end":{"line":229,"column":18}},"229":{"start":{"line":230,"column":0},"end":{"line":230,"column":38}},"230":{"start":{"line":231,"column":0},"end":{"line":231,"column":19}},"232":{"start":{"line":233,"column":0},"end":{"line":233,"column":65}},"233":{"start":{"line":234,"column":0},"end":{"line":234,"column":5}},"235":{"start":{"line":236,"column":0},"end":{"line":236,"column":58}},"236":{"start":{"line":237,"column":0},"end":{"line":237,"column":51}},"237":{"start":{"line":238,"column":0},"end":{"line":238,"column":16}},"238":{"start":{"line":239,"column":0},"end":{"line":239,"column":18}},"239":{"start":{"line":240,"column":0},"end":{"line":240,"column":60}},"240":{"start":{"line":241,"column":0},"end":{"line":241,"column":19}},"242":{"start":{"line":243,"column":0},"end":{"line":243,"column":74}},"243":{"start":{"line":244,"column":0},"end":{"line":244,"column":5}},"249":{"start":{"line":250,"column":0},"end":{"line":250,"column":44}},"255":{"start":{"line":256,"column":0},"end":{"line":256,"column":51}},"256":{"start":{"line":257,"column":0},"end":{"line":257,"column":15}},"257":{"start":{"line":258,"column":0},"end":{"line":258,"column":59}},"258":{"start":{"line":259,"column":0},"end":{"line":259,"column":19}},"260":{"start":{"line":261,"column":0},"end":{"line":261,"column":57}},"263":{"start":{"line":264,"column":0},"end":{"line":264,"column":30}},"264":{"start":{"line":265,"column":0},"end":{"line":265,"column":37}},"265":{"start":{"line":266,"column":0},"end":{"line":266,"column":5}},"266":{"start":{"line":267,"column":0},"end":{"line":267,"column":3}}},"s":{"0":1,"1":1,"3":1,"4":1,"5":15,"6":1,"12":1,"13":1,"14":1,"15":1,"16":1,"18":1,"20":1,"21":1,"22":1,"23":1,"24":1,"25":1,"26":1,"27":1,"28":1,"29":1,"31":1,"32":1,"33":1,"34":1,"35":1,"36":1,"38":1,"40":1,"41":1,"47":1,"48":1,"49":1,"50":1,"51":1,"53":1,"54":1,"55":1,"57":1,"58":1,"59":1,"60":1,"61":1,"63":1,"64":1,"65":1,"66":1,"67":1,"69":1,"70":1,"71":1,"73":1,"74":1,"75":1,"76":1,"78":1,"79":1,"80":1,"81":1,"82":1,"84":1,"86":1,"87":1,"88":1,"94":1,"95":1,"96":1,"97":1,"98":1,"100":1,"101":1,"102":1,"103":1,"105":1,"106":1,"107":1,"108":1,"109":1,"110":1,"111":1,"112":1,"114":1,"115":1,"116":1,"117":1,"118":1,"120":1,"121":1,"122":1,"123":1,"125":1,"126":1,"127":1,"128":1,"129":1,"130":1,"131":1,"133":1,"134":1,"135":1,"136":1,"137":1,"139":1,"141":1,"142":1,"143":1,"144":1,"145":1,"146":1,"147":1,"153":1,"154":1,"155":1,"156":1,"157":1,"159":1,"161":1,"162":1,"163":1,"164":1,"165":1,"166":1,"167":1,"168":1,"169":1,"171":1,"172":1,"173":1,"174":1,"175":1,"177":1,"179":1,"180":1,"181":1,"182":1,"183":1,"184":1,"185":1,"186":1,"187":1,"189":1,"190":1,"191":1,"192":1,"193":1,"195":1,"196":1,"197":1,"199":1,"200":1,"201":1,"202":1,"203":1,"204":1,"205":1,"206":1,"207":1,"208":1,"209":1,"215":1,"216":1,"217":1,"218":1,"219":1,"220":1,"222":1,"223":1,"225":1,"226":1,"227":1,"228":1,"229":1,"230":1,"232":1,"233":1,"235":1,"236":1,"237":1,"238":1,"239":1,"240":1,"242":1,"243":1,"249":1,"255":1,"256":1,"257":1,"258":1,"260":1,"263":1,"264":1,"265":1,"266":1},"branchMap":{"0":{"type":"branch","line":4,"loc":{"start":{"line":4,"column":21},"end":{"line":267,"column":3}},"locations":[{"start":{"line":4,"column":21},"end":{"line":267,"column":3}}]},"1":{"type":"branch","line":5,"loc":{"start":{"line":5,"column":13},"end":{"line":7,"column":3}},"locations":[{"start":{"line":5,"column":13},"end":{"line":7,"column":3}}]},"2":{"type":"branch","line":13,"loc":{"start":{"line":13,"column":41},"end":{"line":30,"column":3}},"locations":[{"start":{"line":13,"column":41},"end":{"line":30,"column":3}}]},"3":{"type":"branch","line":16,"loc":{"start":{"line":16,"column":12},"end":{"line":16,"column":52}},"locations":[{"start":{"line":16,"column":12},"end":{"line":16,"column":52}}]},"4":{"type":"branch","line":32,"loc":{"start":{"line":32,"column":30},"end":{"line":42,"column":3}},"locations":[{"start":{"line":32,"column":30},"end":{"line":42,"column":3}}]},"5":{"type":"branch","line":36,"loc":{"start":{"line":36,"column":12},"end":{"line":36,"column":44}},"locations":[{"start":{"line":36,"column":12},"end":{"line":36,"column":44}}]},"6":{"type":"branch","line":48,"loc":{"start":{"line":48,"column":40},"end":{"line":62,"column":3}},"locations":[{"start":{"line":48,"column":40},"end":{"line":62,"column":3}}]},"7":{"type":"branch","line":51,"loc":{"start":{"line":51,"column":12},"end":{"line":51,"column":38}},"locations":[{"start":{"line":51,"column":12},"end":{"line":51,"column":38}}]},"8":{"type":"branch","line":64,"loc":{"start":{"line":64,"column":37},"end":{"line":77,"column":3}},"locations":[{"start":{"line":64,"column":37},"end":{"line":77,"column":3}}]},"9":{"type":"branch","line":67,"loc":{"start":{"line":67,"column":12},"end":{"line":67,"column":38}},"locations":[{"start":{"line":67,"column":12},"end":{"line":67,"column":38}}]},"10":{"type":"branch","line":79,"loc":{"start":{"line":79,"column":36},"end":{"line":89,"column":3}},"locations":[{"start":{"line":79,"column":36},"end":{"line":89,"column":3}}]},"11":{"type":"branch","line":82,"loc":{"start":{"line":82,"column":12},"end":{"line":82,"column":38}},"locations":[{"start":{"line":82,"column":12},"end":{"line":82,"column":38}}]},"12":{"type":"branch","line":95,"loc":{"start":{"line":95,"column":31},"end":{"line":113,"column":3}},"locations":[{"start":{"line":95,"column":31},"end":{"line":113,"column":3}}]},"13":{"type":"branch","line":98,"loc":{"start":{"line":98,"column":12},"end":{"line":98,"column":53}},"locations":[{"start":{"line":98,"column":12},"end":{"line":98,"column":53}}]},"14":{"type":"branch","line":115,"loc":{"start":{"line":115,"column":32},"end":{"line":132,"column":3}},"locations":[{"start":{"line":115,"column":32},"end":{"line":132,"column":3}}]},"15":{"type":"branch","line":118,"loc":{"start":{"line":118,"column":12},"end":{"line":118,"column":53}},"locations":[{"start":{"line":118,"column":12},"end":{"line":118,"column":53}}]},"16":{"type":"branch","line":134,"loc":{"start":{"line":134,"column":33},"end":{"line":148,"column":3}},"locations":[{"start":{"line":134,"column":33},"end":{"line":148,"column":3}}]},"17":{"type":"branch","line":137,"loc":{"start":{"line":137,"column":12},"end":{"line":137,"column":53}},"locations":[{"start":{"line":137,"column":12},"end":{"line":137,"column":53}}]},"18":{"type":"branch","line":154,"loc":{"start":{"line":154,"column":44},"end":{"line":170,"column":3}},"locations":[{"start":{"line":154,"column":44},"end":{"line":170,"column":3}}]},"19":{"type":"branch","line":157,"loc":{"start":{"line":157,"column":12},"end":{"line":157,"column":38}},"locations":[{"start":{"line":157,"column":12},"end":{"line":157,"column":38}}]},"20":{"type":"branch","line":172,"loc":{"start":{"line":172,"column":37},"end":{"line":188,"column":3}},"locations":[{"start":{"line":172,"column":37},"end":{"line":188,"column":3}}]},"21":{"type":"branch","line":175,"loc":{"start":{"line":175,"column":12},"end":{"line":175,"column":38}},"locations":[{"start":{"line":175,"column":12},"end":{"line":175,"column":38}}]},"22":{"type":"branch","line":190,"loc":{"start":{"line":190,"column":30},"end":{"line":210,"column":3}},"locations":[{"start":{"line":190,"column":30},"end":{"line":210,"column":3}}]},"23":{"type":"branch","line":193,"loc":{"start":{"line":193,"column":12},"end":{"line":193,"column":38}},"locations":[{"start":{"line":193,"column":12},"end":{"line":193,"column":38}}]},"24":{"type":"branch","line":216,"loc":{"start":{"line":216,"column":41},"end":{"line":224,"column":3}},"locations":[{"start":{"line":216,"column":41},"end":{"line":224,"column":3}}]},"25":{"type":"branch","line":220,"loc":{"start":{"line":220,"column":12},"end":{"line":220,"column":60}},"locations":[{"start":{"line":220,"column":12},"end":{"line":220,"column":60}}]},"26":{"type":"branch","line":226,"loc":{"start":{"line":226,"column":58},"end":{"line":234,"column":3}},"locations":[{"start":{"line":226,"column":58},"end":{"line":234,"column":3}}]},"27":{"type":"branch","line":230,"loc":{"start":{"line":230,"column":12},"end":{"line":230,"column":38}},"locations":[{"start":{"line":230,"column":12},"end":{"line":230,"column":38}}]},"28":{"type":"branch","line":236,"loc":{"start":{"line":236,"column":45},"end":{"line":244,"column":3}},"locations":[{"start":{"line":236,"column":45},"end":{"line":244,"column":3}}]},"29":{"type":"branch","line":240,"loc":{"start":{"line":240,"column":12},"end":{"line":240,"column":60}},"locations":[{"start":{"line":240,"column":12},"end":{"line":240,"column":60}}]},"30":{"type":"branch","line":250,"loc":{"start":{"line":250,"column":31},"end":{"line":266,"column":3}},"locations":[{"start":{"line":250,"column":31},"end":{"line":266,"column":3}}]},"31":{"type":"branch","line":258,"loc":{"start":{"line":258,"column":12},"end":{"line":258,"column":59}},"locations":[{"start":{"line":258,"column":12},"end":{"line":258,"column":59}}]}},"b":{"0":[1],"1":[15],"2":[1],"3":[1],"4":[1],"5":[1],"6":[1],"7":[1],"8":[1],"9":[1],"10":[1],"11":[1],"12":[1],"13":[1],"14":[1],"15":[1],"16":[1],"17":[1],"18":[1],"19":[1],"20":[1],"21":[1],"22":[1],"23":[1],"24":[1],"25":[1],"26":[1],"27":[1],"28":[1],"29":[1],"30":[1],"31":[1]},"fnMap":{"0":{"name":"json","decl":{"start":{"line":16,"column":12},"end":{"line":16,"column":52}},"loc":{"start":{"line":16,"column":12},"end":{"line":16,"column":52}},"line":16},"1":{"name":"json","decl":{"start":{"line":36,"column":12},"end":{"line":36,"column":44}},"loc":{"start":{"line":36,"column":12},"end":{"line":36,"column":44}},"line":36},"2":{"name":"json","decl":{"start":{"line":51,"column":12},"end":{"line":51,"column":38}},"loc":{"start":{"line":51,"column":12},"end":{"line":51,"column":38}},"line":51},"3":{"name":"json","decl":{"start":{"line":67,"column":12},"end":{"line":67,"column":38}},"loc":{"start":{"line":67,"column":12},"end":{"line":67,"column":38}},"line":67},"4":{"name":"json","decl":{"start":{"line":82,"column":12},"end":{"line":82,"column":38}},"loc":{"start":{"line":82,"column":12},"end":{"line":82,"column":38}},"line":82},"5":{"name":"json","decl":{"start":{"line":98,"column":12},"end":{"line":98,"column":53}},"loc":{"start":{"line":98,"column":12},"end":{"line":98,"column":53}},"line":98},"6":{"name":"json","decl":{"start":{"line":118,"column":12},"end":{"line":118,"column":53}},"loc":{"start":{"line":118,"column":12},"end":{"line":118,"column":53}},"line":118},"7":{"name":"json","decl":{"start":{"line":137,"column":12},"end":{"line":137,"column":53}},"loc":{"start":{"line":137,"column":12},"end":{"line":137,"column":53}},"line":137},"8":{"name":"json","decl":{"start":{"line":157,"column":12},"end":{"line":157,"column":38}},"loc":{"start":{"line":157,"column":12},"end":{"line":157,"column":38}},"line":157},"9":{"name":"json","decl":{"start":{"line":175,"column":12},"end":{"line":175,"column":38}},"loc":{"start":{"line":175,"column":12},"end":{"line":175,"column":38}},"line":175},"10":{"name":"json","decl":{"start":{"line":193,"column":12},"end":{"line":193,"column":38}},"loc":{"start":{"line":193,"column":12},"end":{"line":193,"column":38}},"line":193},"11":{"name":"json","decl":{"start":{"line":220,"column":12},"end":{"line":220,"column":60}},"loc":{"start":{"line":220,"column":12},"end":{"line":220,"column":60}},"line":220},"12":{"name":"json","decl":{"start":{"line":230,"column":12},"end":{"line":230,"column":38}},"loc":{"start":{"line":230,"column":12},"end":{"line":230,"column":38}},"line":230},"13":{"name":"json","decl":{"start":{"line":240,"column":12},"end":{"line":240,"column":60}},"loc":{"start":{"line":240,"column":12},"end":{"line":240,"column":60}},"line":240},"14":{"name":"json","decl":{"start":{"line":258,"column":12},"end":{"line":258,"column":59}},"loc":{"start":{"line":258,"column":12},"end":{"line":258,"column":59}},"line":258}},"f":{"0":1,"1":1,"2":1,"3":1,"4":1,"5":1,"6":1,"7":1,"8":1,"9":1,"10":1,"11":1,"12":1,"13":1,"14":1}}
,"/Users/nattyb/Library/Mobile Documents/com~apple~CloudDocs/Documents/Peanut Graphic Coding Projects/Peanut/peanut-license-server/frontend/src/api/client.ts": {"path":"/Users/nattyb/Library/Mobile Documents/com~apple~CloudDocs/Documents/Peanut Graphic Coding Projects/Peanut/peanut-license-server/frontend/src/api/client.ts","all":false,"statementMap":{"12":{"start":{"line":13,"column":0},"end":{"line":13,"column":25}},"13":{"start":{"line":14,"column":0},"end":{"line":14,"column":68}},"14":{"start":{"line":15,"column":0},"end":{"line":15,"column":38}},"15":{"start":{"line":16,"column":0},"end":{"line":16,"column":3}},"17":{"start":{"line":18,"column":0},"end":{"line":18,"column":10}},"18":{"start":{"line":19,"column":0},"end":{"line":19,"column":39}},"19":{"start":{"line":20,"column":0},"end":{"line":20,"column":14}},"20":{"start":{"line":21,"column":0},"end":{"line":21,"column":27}},"21":{"start":{"line":22,"column":0},"end":{"line":22,"column":4}},"22":{"start":{"line":23,"column":0},"end":{"line":23,"column":2}},"28":{"start":{"line":29,"column":0},"end":{"line":29,"column":34}},"29":{"start":{"line":30,"column":0},"end":{"line":30,"column":19}},"30":{"start":{"line":31,"column":0},"end":{"line":31,"column":28}},"31":{"start":{"line":32,"column":0},"end":{"line":32,"column":15}},"32":{"start":{"line":33,"column":0},"end":{"line":33,"column":29}},"33":{"start":{"line":34,"column":0},"end":{"line":34,"column":46}},"35":{"start":{"line":36,"column":0},"end":{"line":36,"column":42}},"38":{"start":{"line":39,"column":0},"end":{"line":39,"column":15}},"39":{"start":{"line":40,"column":0},"end":{"line":40,"column":47}},"40":{"start":{"line":41,"column":0},"end":{"line":41,"column":54}},"41":{"start":{"line":42,"column":0},"end":{"line":42,"column":32}},"42":{"start":{"line":43,"column":0},"end":{"line":43,"column":48}},"43":{"start":{"line":44,"column":0},"end":{"line":44,"column":7}},"44":{"start":{"line":45,"column":0},"end":{"line":45,"column":7}},"45":{"start":{"line":46,"column":0},"end":{"line":46,"column":48}},"46":{"start":{"line":47,"column":0},"end":{"line":47,"column":22}},"47":{"start":{"line":48,"column":0},"end":{"line":48,"column":31}},"48":{"start":{"line":49,"column":0},"end":{"line":49,"column":5}},"49":{"start":{"line":50,"column":0},"end":{"line":50,"column":3}},"51":{"start":{"line":52,"column":0},"end":{"line":52,"column":43}},"52":{"start":{"line":53,"column":0},"end":{"line":53,"column":39}},"53":{"start":{"line":54,"column":0},"end":{"line":54,"column":51}},"54":{"start":{"line":55,"column":0},"end":{"line":55,"column":4}},"57":{"start":{"line":58,"column":0},"end":{"line":58,"column":21}},"58":{"start":{"line":59,"column":0},"end":{"line":59,"column":41}},"59":{"start":{"line":60,"column":0},"end":{"line":60,"column":3}},"61":{"start":{"line":62,"column":0},"end":{"line":62,"column":37}},"62":{"start":{"line":63,"column":0},"end":{"line":63,"column":20}},"63":{"start":{"line":64,"column":0},"end":{"line":64,"column":12}},"64":{"start":{"line":65,"column":0},"end":{"line":65,"column":5}},"66":{"start":{"line":67,"column":0},"end":{"line":67,"column":21}},"67":{"start":{"line":68,"column":0},"end":{"line":68,"column":88}},"68":{"start":{"line":69,"column":0},"end":{"line":69,"column":64}},"69":{"start":{"line":70,"column":0},"end":{"line":70,"column":3}},"71":{"start":{"line":72,"column":0},"end":{"line":72,"column":25}},"72":{"start":{"line":73,"column":0},"end":{"line":73,"column":1}}},"s":{"12":1,"13":43,"14":43,"15":43,"17":0,"18":0,"19":0,"20":0,"21":0,"22":0,"28":43,"29":43,"30":43,"31":43,"32":43,"33":43,"35":43,"38":43,"39":6,"40":6,"41":12,"42":11,"43":11,"44":6,"45":6,"46":6,"47":5,"48":5,"49":6,"51":43,"52":43,"53":43,"54":43,"57":43,"58":43,"59":43,"61":43,"62":43,"63":43,"64":43,"66":43,"67":3,"68":3,"69":3,"71":40,"72":40},"branchMap":{"0":{"type":"branch","line":13,"loc":{"start":{"line":13,"column":18},"end":{"line":23,"column":2}},"locations":[{"start":{"line":13,"column":18},"end":{"line":23,"column":2}}]},"1":{"type":"branch","line":16,"loc":{"start":{"line":16,"column":2},"end":{"line":23,"column":2}},"locations":[{"start":{"line":16,"column":2},"end":{"line":23,"column":2}}]},"2":{"type":"branch","line":29,"loc":{"start":{"line":29,"column":0},"end":{"line":73,"column":1}},"locations":[{"start":{"line":29,"column":0},"end":{"line":73,"column":1}}]},"3":{"type":"branch","line":39,"loc":{"start":{"line":39,"column":14},"end":{"line":50,"column":3}},"locations":[{"start":{"line":39,"column":14},"end":{"line":50,"column":3}}]},"4":{"type":"branch","line":47,"loc":{"start":{"line":47,"column":21},"end":{"line":49,"column":5}},"locations":[{"start":{"line":47,"column":21},"end":{"line":49,"column":5}}]},"5":{"type":"branch","line":67,"loc":{"start":{"line":67,"column":20},"end":{"line":70,"column":3}},"locations":[{"start":{"line":67,"column":20},"end":{"line":70,"column":3}}]},"6":{"type":"branch","line":69,"loc":{"start":{"line":69,"column":26},"end":{"line":69,"column":62}},"locations":[{"start":{"line":69,"column":26},"end":{"line":69,"column":62}}]},"7":{"type":"branch","line":70,"loc":{"start":{"line":70,"column":2},"end":{"line":73,"column":1}},"locations":[{"start":{"line":70,"column":2},"end":{"line":73,"column":1}}]},"8":{"type":"branch","line":41,"loc":{"start":{"line":41,"column":35},"end":{"line":45,"column":5}},"locations":[{"start":{"line":41,"column":35},"end":{"line":45,"column":5}}]},"9":{"type":"branch","line":42,"loc":{"start":{"line":42,"column":31},"end":{"line":44,"column":7}},"locations":[{"start":{"line":42,"column":31},"end":{"line":44,"column":7}}]},"10":{"type":"branch","line":68,"loc":{"start":{"line":68,"column":46},"end":{"line":68,"column":86}},"locations":[{"start":{"line":68,"column":46},"end":{"line":68,"column":86}}]}},"b":{"0":[43],"1":[0],"2":[43],"3":[6],"4":[5],"5":[3],"6":[1],"7":[40],"8":[12],"9":[11],"10":[1]},"fnMap":{"0":{"name":"getConfig","decl":{"start":{"line":13,"column":18},"end":{"line":23,"column":2}},"loc":{"start":{"line":13,"column":18},"end":{"line":23,"column":2}},"line":13},"1":{"name":"apiFetch","decl":{"start":{"line":29,"column":0},"end":{"line":73,"column":1}},"loc":{"start":{"line":29,"column":0},"end":{"line":73,"column":1}},"line":29}},"f":{"0":43,"1":43}}
,"/Users/nattyb/Library/Mobile Documents/com~apple~CloudDocs/Documents/Peanut Graphic Coding Projects/Peanut/peanut-license-server/frontend/src/api/endpoints.test.ts": {"path":"/Users/nattyb/Library/Mobile Documents/com~apple~CloudDocs/Documents/Peanut Graphic Coding Projects/Peanut/peanut-license-server/frontend/src/api/endpoints.test.ts","all":false,"statementMap":{"0":{"start":{"line":1,"column":0},"end":{"line":1,"column":62}},"1":{"start":{"line":2,"column":0},"end":{"line":2,"column":103}},"3":{"start":{"line":4,"column":0},"end":{"line":4,"column":33}},"4":{"start":{"line":5,"column":0},"end":{"line":5,"column":20}},"5":{"start":{"line":6,"column":0},"end":{"line":6,"column":23}},"6":{"start":{"line":7,"column":0},"end":{"line":7,"column":47}},"7":{"start":{"line":8,"column":0},"end":{"line":8,"column":15}},"8":{"start":{"line":9,"column":0},"end":{"line":9,"column":38}},"9":{"start":{"line":10,"column":0},"end":{"line":10,"column":19}},"10":{"start":{"line":11,"column":0},"end":{"line":11,"column":5}},"16":{"start":{"line":17,"column":0},"end":{"line":17,"column":30}},"17":{"start":{"line":18,"column":0},"end":{"line":18,"column":51}},"18":{"start":{"line":19,"column":0},"end":{"line":19,"column":28}},"19":{"start":{"line":20,"column":0},"end":{"line":20,"column":48}},"20":{"start":{"line":21,"column":0},"end":{"line":21,"column":45}},"21":{"start":{"line":22,"column":0},"end":{"line":22,"column":26}},"22":{"start":{"line":23,"column":0},"end":{"line":23,"column":8}},"23":{"start":{"line":24,"column":0},"end":{"line":24,"column":7}},"25":{"start":{"line":26,"column":0},"end":{"line":26,"column":62}},"26":{"start":{"line":27,"column":0},"end":{"line":27,"column":71}},"27":{"start":{"line":28,"column":0},"end":{"line":28,"column":75}},"28":{"start":{"line":29,"column":0},"end":{"line":29,"column":44}},"29":{"start":{"line":30,"column":0},"end":{"line":30,"column":49}},"30":{"start":{"line":31,"column":0},"end":{"line":31,"column":51}},"31":{"start":{"line":32,"column":0},"end":{"line":32,"column":7}},"33":{"start":{"line":34,"column":0},"end":{"line":34,"column":58}},"34":{"start":{"line":35,"column":0},"end":{"line":35,"column":30}},"35":{"start":{"line":36,"column":0},"end":{"line":36,"column":48}},"36":{"start":{"line":37,"column":0},"end":{"line":37,"column":49}},"37":{"start":{"line":38,"column":0},"end":{"line":38,"column":26}},"38":{"start":{"line":39,"column":0},"end":{"line":39,"column":8}},"39":{"start":{"line":40,"column":0},"end":{"line":40,"column":7}},"41":{"start":{"line":42,"column":0},"end":{"line":42,"column":59}},"42":{"start":{"line":43,"column":0},"end":{"line":43,"column":29}},"43":{"start":{"line":44,"column":0},"end":{"line":44,"column":34}},"44":{"start":{"line":45,"column":0},"end":{"line":45,"column":20}},"45":{"start":{"line":46,"column":0},"end":{"line":46,"column":9}},"46":{"start":{"line":47,"column":0},"end":{"line":47,"column":48}},"47":{"start":{"line":48,"column":0},"end":{"line":48,"column":45}},"48":{"start":{"line":49,"column":0},"end":{"line":49,"column":33}},"49":{"start":{"line":50,"column":0},"end":{"line":50,"column":25}},"50":{"start":{"line":51,"column":0},"end":{"line":51,"column":60}},"51":{"start":{"line":52,"column":0},"end":{"line":52,"column":10}},"52":{"start":{"line":53,"column":0},"end":{"line":53,"column":8}},"53":{"start":{"line":54,"column":0},"end":{"line":54,"column":7}},"55":{"start":{"line":56,"column":0},"end":{"line":56,"column":50}},"56":{"start":{"line":57,"column":0},"end":{"line":57,"column":58}},"57":{"start":{"line":58,"column":0},"end":{"line":58,"column":48}},"58":{"start":{"line":59,"column":0},"end":{"line":59,"column":49}},"59":{"start":{"line":60,"column":0},"end":{"line":60,"column":33}},"60":{"start":{"line":61,"column":0},"end":{"line":61,"column":26}},"61":{"start":{"line":62,"column":0},"end":{"line":62,"column":10}},"62":{"start":{"line":63,"column":0},"end":{"line":63,"column":8}},"63":{"start":{"line":64,"column":0},"end":{"line":64,"column":7}},"65":{"start":{"line":66,"column":0},"end":{"line":66,"column":51}},"66":{"start":{"line":67,"column":0},"end":{"line":67,"column":33}},"67":{"start":{"line":68,"column":0},"end":{"line":68,"column":48}},"68":{"start":{"line":69,"column":0},"end":{"line":69,"column":49}},"69":{"start":{"line":70,"column":0},"end":{"line":70,"column":33}},"70":{"start":{"line":71,"column":0},"end":{"line":71,"column":27}},"71":{"start":{"line":72,"column":0},"end":{"line":72,"column":10}},"72":{"start":{"line":73,"column":0},"end":{"line":73,"column":8}},"73":{"start":{"line":74,"column":0},"end":{"line":74,"column":7}},"75":{"start":{"line":76,"column":0},"end":{"line":76,"column":62}},"76":{"start":{"line":77,"column":0},"end":{"line":77,"column":34}},"77":{"start":{"line":78,"column":0},"end":{"line":78,"column":48}},"78":{"start":{"line":79,"column":0},"end":{"line":79,"column":57}},"79":{"start":{"line":80,"column":0},"end":{"line":80,"column":33}},"80":{"start":{"line":81,"column":0},"end":{"line":81,"column":25}},"81":{"start":{"line":82,"column":0},"end":{"line":82,"column":10}},"82":{"start":{"line":83,"column":0},"end":{"line":83,"column":8}},"83":{"start":{"line":84,"column":0},"end":{"line":84,"column":7}},"85":{"start":{"line":86,"column":0},"end":{"line":86,"column":68}},"86":{"start":{"line":87,"column":0},"end":{"line":87,"column":37}},"87":{"start":{"line":88,"column":0},"end":{"line":88,"column":48}},"88":{"start":{"line":89,"column":0},"end":{"line":89,"column":60}},"89":{"start":{"line":90,"column":0},"end":{"line":90,"column":33}},"90":{"start":{"line":91,"column":0},"end":{"line":91,"column":25}},"91":{"start":{"line":92,"column":0},"end":{"line":92,"column":10}},"92":{"start":{"line":93,"column":0},"end":{"line":93,"column":8}},"93":{"start":{"line":94,"column":0},"end":{"line":94,"column":7}},"95":{"start":{"line":96,"column":0},"end":{"line":96,"column":68}},"96":{"start":{"line":97,"column":0},"end":{"line":97,"column":37}},"97":{"start":{"line":98,"column":0},"end":{"line":98,"column":48}},"98":{"start":{"line":99,"column":0},"end":{"line":99,"column":60}},"99":{"start":{"line":100,"column":0},"end":{"line":100,"column":33}},"100":{"start":{"line":101,"column":0},"end":{"line":101,"column":25}},"101":{"start":{"line":102,"column":0},"end":{"line":102,"column":10}},"102":{"start":{"line":103,"column":0},"end":{"line":103,"column":8}},"103":{"start":{"line":104,"column":0},"end":{"line":104,"column":7}},"105":{"start":{"line":106,"column":0},"end":{"line":106,"column":62}},"106":{"start":{"line":107,"column":0},"end":{"line":107,"column":36}},"107":{"start":{"line":108,"column":0},"end":{"line":108,"column":33}},"108":{"start":{"line":109,"column":0},"end":{"line":109,"column":31}},"109":{"start":{"line":110,"column":0},"end":{"line":110,"column":9}},"110":{"start":{"line":111,"column":0},"end":{"line":111,"column":48}},"111":{"start":{"line":112,"column":0},"end":{"line":112,"column":58}},"112":{"start":{"line":113,"column":0},"end":{"line":113,"column":33}},"113":{"start":{"line":114,"column":0},"end":{"line":114,"column":25}},"114":{"start":{"line":115,"column":0},"end":{"line":115,"column":59}},"115":{"start":{"line":116,"column":0},"end":{"line":116,"column":10}},"116":{"start":{"line":117,"column":0},"end":{"line":117,"column":8}},"117":{"start":{"line":118,"column":0},"end":{"line":118,"column":7}},"119":{"start":{"line":120,"column":0},"end":{"line":120,"column":66}},"120":{"start":{"line":121,"column":0},"end":{"line":121,"column":41}},"121":{"start":{"line":122,"column":0},"end":{"line":122,"column":48}},"122":{"start":{"line":123,"column":0},"end":{"line":123,"column":61}},"123":{"start":{"line":124,"column":0},"end":{"line":124,"column":26}},"124":{"start":{"line":125,"column":0},"end":{"line":125,"column":8}},"125":{"start":{"line":126,"column":0},"end":{"line":126,"column":7}},"126":{"start":{"line":127,"column":0},"end":{"line":127,"column":5}},"132":{"start":{"line":133,"column":0},"end":{"line":133,"column":33}},"133":{"start":{"line":134,"column":0},"end":{"line":134,"column":55}},"134":{"start":{"line":135,"column":0},"end":{"line":135,"column":40}},"135":{"start":{"line":136,"column":0},"end":{"line":136,"column":48}},"136":{"start":{"line":137,"column":0},"end":{"line":137,"column":52}},"137":{"start":{"line":138,"column":0},"end":{"line":138,"column":33}},"138":{"start":{"line":139,"column":0},"end":{"line":139,"column":27}},"139":{"start":{"line":140,"column":0},"end":{"line":140,"column":10}},"140":{"start":{"line":141,"column":0},"end":{"line":141,"column":8}},"141":{"start":{"line":142,"column":0},"end":{"line":142,"column":7}},"142":{"start":{"line":143,"column":0},"end":{"line":143,"column":5}},"148":{"start":{"line":149,"column":0},"end":{"line":149,"column":31}},"149":{"start":{"line":150,"column":0},"end":{"line":150,"column":56}},"150":{"start":{"line":151,"column":0},"end":{"line":151,"column":33}},"151":{"start":{"line":152,"column":0},"end":{"line":152,"column":48}},"152":{"start":{"line":153,"column":0},"end":{"line":153,"column":52}},"153":{"start":{"line":154,"column":0},"end":{"line":154,"column":26}},"154":{"start":{"line":155,"column":0},"end":{"line":155,"column":8}},"155":{"start":{"line":156,"column":0},"end":{"line":156,"column":7}},"157":{"start":{"line":158,"column":0},"end":{"line":158,"column":57}},"158":{"start":{"line":159,"column":0},"end":{"line":159,"column":71}},"159":{"start":{"line":160,"column":0},"end":{"line":160,"column":75}},"160":{"start":{"line":161,"column":0},"end":{"line":161,"column":57}},"161":{"start":{"line":162,"column":0},"end":{"line":162,"column":45}},"162":{"start":{"line":163,"column":0},"end":{"line":163,"column":56}},"163":{"start":{"line":164,"column":0},"end":{"line":164,"column":7}},"164":{"start":{"line":165,"column":0},"end":{"line":165,"column":5}},"170":{"start":{"line":171,"column":0},"end":{"line":171,"column":27}},"171":{"start":{"line":172,"column":0},"end":{"line":172,"column":50}},"172":{"start":{"line":173,"column":0},"end":{"line":173,"column":62}},"173":{"start":{"line":174,"column":0},"end":{"line":174,"column":75}},"174":{"start":{"line":175,"column":0},"end":{"line":175,"column":44}},"175":{"start":{"line":176,"column":0},"end":{"line":176,"column":7}},"177":{"start":{"line":178,"column":0},"end":{"line":178,"column":70}},"178":{"start":{"line":179,"column":0},"end":{"line":179,"column":39}},"179":{"start":{"line":180,"column":0},"end":{"line":180,"column":48}},"180":{"start":{"line":181,"column":0},"end":{"line":181,"column":54}},"181":{"start":{"line":182,"column":0},"end":{"line":182,"column":26}},"182":{"start":{"line":183,"column":0},"end":{"line":183,"column":8}},"183":{"start":{"line":184,"column":0},"end":{"line":184,"column":7}},"184":{"start":{"line":185,"column":0},"end":{"line":185,"column":5}},"190":{"start":{"line":191,"column":0},"end":{"line":191,"column":26}},"191":{"start":{"line":192,"column":0},"end":{"line":192,"column":52}},"192":{"start":{"line":193,"column":0},"end":{"line":193,"column":44}},"193":{"start":{"line":194,"column":0},"end":{"line":194,"column":48}},"194":{"start":{"line":195,"column":0},"end":{"line":195,"column":48}},"195":{"start":{"line":196,"column":0},"end":{"line":196,"column":33}},"196":{"start":{"line":197,"column":0},"end":{"line":197,"column":25}},"197":{"start":{"line":198,"column":0},"end":{"line":198,"column":60}},"198":{"start":{"line":199,"column":0},"end":{"line":199,"column":10}},"199":{"start":{"line":200,"column":0},"end":{"line":200,"column":8}},"200":{"start":{"line":201,"column":0},"end":{"line":201,"column":7}},"202":{"start":{"line":203,"column":0},"end":{"line":203,"column":55}},"203":{"start":{"line":204,"column":0},"end":{"line":204,"column":47}},"204":{"start":{"line":205,"column":0},"end":{"line":205,"column":48}},"205":{"start":{"line":206,"column":0},"end":{"line":206,"column":51}},"206":{"start":{"line":207,"column":0},"end":{"line":207,"column":33}},"207":{"start":{"line":208,"column":0},"end":{"line":208,"column":25}},"208":{"start":{"line":209,"column":0},"end":{"line":209,"column":10}},"209":{"start":{"line":210,"column":0},"end":{"line":210,"column":8}},"210":{"start":{"line":211,"column":0},"end":{"line":211,"column":7}},"212":{"start":{"line":213,"column":0},"end":{"line":213,"column":52}},"213":{"start":{"line":214,"column":0},"end":{"line":214,"column":44}},"214":{"start":{"line":215,"column":0},"end":{"line":215,"column":48}},"215":{"start":{"line":216,"column":0},"end":{"line":216,"column":48}},"216":{"start":{"line":217,"column":0},"end":{"line":217,"column":33}},"217":{"start":{"line":218,"column":0},"end":{"line":218,"column":25}},"218":{"start":{"line":219,"column":0},"end":{"line":219,"column":10}},"219":{"start":{"line":220,"column":0},"end":{"line":220,"column":8}},"220":{"start":{"line":221,"column":0},"end":{"line":221,"column":7}},"221":{"start":{"line":222,"column":0},"end":{"line":222,"column":5}},"227":{"start":{"line":228,"column":0},"end":{"line":228,"column":30}},"228":{"start":{"line":229,"column":0},"end":{"line":229,"column":49}},"229":{"start":{"line":230,"column":0},"end":{"line":230,"column":28}},"230":{"start":{"line":231,"column":0},"end":{"line":231,"column":48}},"231":{"start":{"line":232,"column":0},"end":{"line":232,"column":45}},"232":{"start":{"line":233,"column":0},"end":{"line":233,"column":26}},"233":{"start":{"line":234,"column":0},"end":{"line":234,"column":8}},"234":{"start":{"line":235,"column":0},"end":{"line":235,"column":7}},"236":{"start":{"line":237,"column":0},"end":{"line":237,"column":59}},"237":{"start":{"line":238,"column":0},"end":{"line":238,"column":29}},"238":{"start":{"line":239,"column":0},"end":{"line":239,"column":43}},"239":{"start":{"line":240,"column":0},"end":{"line":240,"column":36}},"240":{"start":{"line":241,"column":0},"end":{"line":241,"column":9}},"241":{"start":{"line":242,"column":0},"end":{"line":242,"column":48}},"242":{"start":{"line":243,"column":0},"end":{"line":243,"column":45}},"243":{"start":{"line":244,"column":0},"end":{"line":244,"column":33}},"244":{"start":{"line":245,"column":0},"end":{"line":245,"column":25}},"245":{"start":{"line":246,"column":0},"end":{"line":246,"column":71}},"246":{"start":{"line":247,"column":0},"end":{"line":247,"column":10}},"247":{"start":{"line":248,"column":0},"end":{"line":248,"column":8}},"248":{"start":{"line":249,"column":0},"end":{"line":249,"column":7}},"250":{"start":{"line":251,"column":0},"end":{"line":251,"column":51}},"251":{"start":{"line":252,"column":0},"end":{"line":252,"column":43}},"252":{"start":{"line":253,"column":0},"end":{"line":253,"column":48}},"253":{"start":{"line":254,"column":0},"end":{"line":254,"column":57}},"254":{"start":{"line":255,"column":0},"end":{"line":255,"column":33}},"255":{"start":{"line":256,"column":0},"end":{"line":256,"column":27}},"256":{"start":{"line":257,"column":0},"end":{"line":257,"column":10}},"257":{"start":{"line":258,"column":0},"end":{"line":258,"column":8}},"258":{"start":{"line":259,"column":0},"end":{"line":259,"column":7}},"260":{"start":{"line":261,"column":0},"end":{"line":261,"column":56}},"261":{"start":{"line":262,"column":0},"end":{"line":262,"column":70}},"262":{"start":{"line":263,"column":0},"end":{"line":263,"column":48}},"263":{"start":{"line":264,"column":0},"end":{"line":264,"column":50}},"264":{"start":{"line":265,"column":0},"end":{"line":265,"column":33}},"265":{"start":{"line":266,"column":0},"end":{"line":266,"column":25}},"266":{"start":{"line":267,"column":0},"end":{"line":267,"column":10}},"267":{"start":{"line":268,"column":0},"end":{"line":268,"column":8}},"268":{"start":{"line":269,"column":0},"end":{"line":269,"column":7}},"269":{"start":{"line":270,"column":0},"end":{"line":270,"column":5}},"275":{"start":{"line":276,"column":0},"end":{"line":276,"column":27}},"276":{"start":{"line":277,"column":0},"end":{"line":277,"column":59}},"277":{"start":{"line":278,"column":0},"end":{"line":278,"column":28}},"278":{"start":{"line":279,"column":0},"end":{"line":279,"column":18}},"279":{"start":{"line":280,"column":0},"end":{"line":280,"column":43}},"280":{"start":{"line":281,"column":0},"end":{"line":281,"column":20}},"281":{"start":{"line":282,"column":0},"end":{"line":282,"column":9}},"282":{"start":{"line":283,"column":0},"end":{"line":283,"column":48}},"283":{"start":{"line":284,"column":0},"end":{"line":284,"column":51}},"284":{"start":{"line":285,"column":0},"end":{"line":285,"column":33}},"285":{"start":{"line":286,"column":0},"end":{"line":286,"column":25}},"286":{"start":{"line":287,"column":0},"end":{"line":287,"column":10}},"287":{"start":{"line":288,"column":0},"end":{"line":288,"column":8}},"288":{"start":{"line":289,"column":0},"end":{"line":289,"column":7}},"290":{"start":{"line":291,"column":0},"end":{"line":291,"column":61}},"291":{"start":{"line":292,"column":0},"end":{"line":292,"column":62}},"292":{"start":{"line":293,"column":0},"end":{"line":293,"column":48}},"293":{"start":{"line":294,"column":0},"end":{"line":294,"column":49}},"294":{"start":{"line":295,"column":0},"end":{"line":295,"column":33}},"295":{"start":{"line":296,"column":0},"end":{"line":296,"column":25}},"296":{"start":{"line":297,"column":0},"end":{"line":297,"column":10}},"297":{"start":{"line":298,"column":0},"end":{"line":298,"column":8}},"298":{"start":{"line":299,"column":0},"end":{"line":299,"column":7}},"299":{"start":{"line":300,"column":0},"end":{"line":300,"column":5}},"305":{"start":{"line":306,"column":0},"end":{"line":306,"column":30}},"306":{"start":{"line":307,"column":0},"end":{"line":307,"column":49}},"307":{"start":{"line":308,"column":0},"end":{"line":308,"column":28}},"308":{"start":{"line":309,"column":0},"end":{"line":309,"column":48}},"309":{"start":{"line":310,"column":0},"end":{"line":310,"column":45}},"310":{"start":{"line":311,"column":0},"end":{"line":311,"column":26}},"311":{"start":{"line":312,"column":0},"end":{"line":312,"column":8}},"312":{"start":{"line":313,"column":0},"end":{"line":313,"column":7}},"314":{"start":{"line":315,"column":0},"end":{"line":315,"column":51}},"315":{"start":{"line":316,"column":0},"end":{"line":316,"column":41}},"316":{"start":{"line":317,"column":0},"end":{"line":317,"column":48}},"317":{"start":{"line":318,"column":0},"end":{"line":318,"column":58}},"318":{"start":{"line":319,"column":0},"end":{"line":319,"column":26}},"319":{"start":{"line":320,"column":0},"end":{"line":320,"column":8}},"320":{"start":{"line":321,"column":0},"end":{"line":321,"column":7}},"322":{"start":{"line":323,"column":0},"end":{"line":323,"column":60}},"323":{"start":{"line":324,"column":0},"end":{"line":324,"column":70}},"324":{"start":{"line":325,"column":0},"end":{"line":325,"column":48}},"325":{"start":{"line":326,"column":0},"end":{"line":326,"column":58}},"326":{"start":{"line":327,"column":0},"end":{"line":327,"column":33}},"327":{"start":{"line":328,"column":0},"end":{"line":328,"column":26}},"328":{"start":{"line":329,"column":0},"end":{"line":329,"column":10}},"329":{"start":{"line":330,"column":0},"end":{"line":330,"column":8}},"330":{"start":{"line":331,"column":0},"end":{"line":331,"column":7}},"331":{"start":{"line":332,"column":0},"end":{"line":332,"column":5}},"332":{"start":{"line":333,"column":0},"end":{"line":333,"column":3}}},"s":{"0":1,"1":1,"3":1,"4":1,"5":28,"6":28,"7":28,"8":28,"9":28,"10":1,"16":1,"17":1,"18":1,"19":1,"20":1,"21":1,"22":1,"23":1,"25":1,"26":1,"27":1,"28":1,"29":1,"30":1,"31":1,"33":1,"34":1,"35":1,"36":1,"37":1,"38":1,"39":1,"41":1,"42":1,"43":1,"44":1,"45":1,"46":1,"47":1,"48":1,"49":1,"50":1,"51":1,"52":1,"53":1,"55":1,"56":1,"57":1,"58":1,"59":1,"60":1,"61":1,"62":1,"63":1,"65":1,"66":1,"67":1,"68":1,"69":1,"70":1,"71":1,"72":1,"73":1,"75":1,"76":1,"77":1,"78":1,"79":1,"80":1,"81":1,"82":1,"83":1,"85":1,"86":1,"87":1,"88":1,"89":1,"90":1,"91":1,"92":1,"93":1,"95":1,"96":1,"97":1,"98":1,"99":1,"100":1,"101":1,"102":1,"103":1,"105":1,"106":1,"107":1,"108":1,"109":1,"110":1,"111":1,"112":1,"113":1,"114":1,"115":1,"116":1,"117":1,"119":1,"120":1,"121":1,"122":1,"123":1,"124":1,"125":1,"126":1,"132":1,"133":1,"134":1,"135":1,"136":1,"137":1,"138":1,"139":1,"140":1,"141":1,"142":1,"148":1,"149":1,"150":1,"151":1,"152":1,"153":1,"154":1,"155":1,"157":1,"158":1,"159":1,"160":1,"161":1,"162":1,"163":1,"164":1,"170":1,"171":1,"172":1,"173":1,"174":1,"175":1,"177":1,"178":1,"179":1,"180":1,"181":1,"182":1,"183":1,"184":1,"190":1,"191":1,"192":1,"193":1,"194":1,"195":1,"196":1,"197":1,"198":1,"199":1,"200":1,"202":1,"203":1,"204":1,"205":1,"206":1,"207":1,"208":1,"209":1,"210":1,"212":1,"213":1,"214":1,"215":1,"216":1,"217":1,"218":1,"219":1,"220":1,"221":1,"227":1,"228":1,"229":1,"230":1,"231":1,"232":1,"233":1,"234":1,"236":1,"237":1,"238":1,"239":1,"240":1,"241":1,"242":1,"243":1,"244":1,"245":1,"246":1,"247":1,"248":1,"250":1,"251":1,"252":1,"253":1,"254":1,"255":1,"256":1,"257":1,"258":1,"260":1,"261":1,"262":1,"263":1,"264":1,"265":1,"266":1,"267":1,"268":1,"269":1,"275":1,"276":1,"277":1,"278":1,"279":1,"280":1,"281":1,"282":1,"283":1,"284":1,"285":1,"286":1,"287":1,"288":1,"290":1,"291":1,"292":1,"293":1,"294":1,"295":1,"296":1,"297":1,"298":1,"299":1,"305":1,"306":1,"307":1,"308":1,"309":1,"310":1,"311":1,"312":1,"314":1,"315":1,"316":1,"317":1,"318":1,"319":1,"320":1,"322":1,"323":1,"324":1,"325":1,"326":1,"327":1,"328":1,"329":1,"330":1,"331":1,"332":1},"branchMap":{"0":{"type":"branch","line":4,"loc":{"start":{"line":4,"column":26},"end":{"line":333,"column":3}},"locations":[{"start":{"line":4,"column":26},"end":{"line":333,"column":3}}]},"1":{"type":"branch","line":5,"loc":{"start":{"line":5,"column":13},"end":{"line":11,"column":3}},"locations":[{"start":{"line":5,"column":13},"end":{"line":11,"column":3}}]},"2":{"type":"branch","line":9,"loc":{"start":{"line":9,"column":12},"end":{"line":9,"column":38}},"locations":[{"start":{"line":9,"column":12},"end":{"line":9,"column":38}}]},"3":{"type":"branch","line":17,"loc":{"start":{"line":17,"column":23},"end":{"line":127,"column":3}},"locations":[{"start":{"line":17,"column":23},"end":{"line":127,"column":3}}]},"4":{"type":"branch","line":18,"loc":{"start":{"line":18,"column":38},"end":{"line":24,"column":5}},"locations":[{"start":{"line":18,"column":38},"end":{"line":24,"column":5}}]},"5":{"type":"branch","line":26,"loc":{"start":{"line":26,"column":49},"end":{"line":32,"column":5}},"locations":[{"start":{"line":26,"column":49},"end":{"line":32,"column":5}}]},"6":{"type":"branch","line":34,"loc":{"start":{"line":34,"column":45},"end":{"line":40,"column":5}},"locations":[{"start":{"line":34,"column":45},"end":{"line":40,"column":5}}]},"7":{"type":"branch","line":42,"loc":{"start":{"line":42,"column":46},"end":{"line":54,"column":5}},"locations":[{"start":{"line":42,"column":46},"end":{"line":54,"column":5}}]},"8":{"type":"branch","line":56,"loc":{"start":{"line":56,"column":37},"end":{"line":64,"column":5}},"locations":[{"start":{"line":56,"column":37},"end":{"line":64,"column":5}}]},"9":{"type":"branch","line":66,"loc":{"start":{"line":66,"column":38},"end":{"line":74,"column":5}},"locations":[{"start":{"line":66,"column":38},"end":{"line":74,"column":5}}]},"10":{"type":"branch","line":76,"loc":{"start":{"line":76,"column":49},"end":{"line":84,"column":5}},"locations":[{"start":{"line":76,"column":49},"end":{"line":84,"column":5}}]},"11":{"type":"branch","line":86,"loc":{"start":{"line":86,"column":55},"end":{"line":94,"column":5}},"locations":[{"start":{"line":86,"column":55},"end":{"line":94,"column":5}}]},"12":{"type":"branch","line":96,"loc":{"start":{"line":96,"column":55},"end":{"line":104,"column":5}},"locations":[{"start":{"line":96,"column":55},"end":{"line":104,"column":5}}]},"13":{"type":"branch","line":106,"loc":{"start":{"line":106,"column":49},"end":{"line":118,"column":5}},"locations":[{"start":{"line":106,"column":49},"end":{"line":118,"column":5}}]},"14":{"type":"branch","line":120,"loc":{"start":{"line":120,"column":53},"end":{"line":126,"column":5}},"locations":[{"start":{"line":120,"column":53},"end":{"line":126,"column":5}}]},"15":{"type":"branch","line":133,"loc":{"start":{"line":133,"column":26},"end":{"line":143,"column":3}},"locations":[{"start":{"line":133,"column":26},"end":{"line":143,"column":3}}]},"16":{"type":"branch","line":134,"loc":{"start":{"line":134,"column":42},"end":{"line":142,"column":5}},"locations":[{"start":{"line":134,"column":42},"end":{"line":142,"column":5}}]},"17":{"type":"branch","line":149,"loc":{"start":{"line":149,"column":24},"end":{"line":165,"column":3}},"locations":[{"start":{"line":149,"column":24},"end":{"line":165,"column":3}}]},"18":{"type":"branch","line":150,"loc":{"start":{"line":150,"column":43},"end":{"line":156,"column":5}},"locations":[{"start":{"line":150,"column":43},"end":{"line":156,"column":5}}]},"19":{"type":"branch","line":158,"loc":{"start":{"line":158,"column":44},"end":{"line":164,"column":5}},"locations":[{"start":{"line":158,"column":44},"end":{"line":164,"column":5}}]},"20":{"type":"branch","line":171,"loc":{"start":{"line":171,"column":20},"end":{"line":185,"column":3}},"locations":[{"start":{"line":171,"column":20},"end":{"line":185,"column":3}}]},"21":{"type":"branch","line":172,"loc":{"start":{"line":172,"column":37},"end":{"line":176,"column":5}},"locations":[{"start":{"line":172,"column":37},"end":{"line":176,"column":5}}]},"22":{"type":"branch","line":178,"loc":{"start":{"line":178,"column":57},"end":{"line":184,"column":5}},"locations":[{"start":{"line":178,"column":57},"end":{"line":184,"column":5}}]},"23":{"type":"branch","line":191,"loc":{"start":{"line":191,"column":19},"end":{"line":222,"column":3}},"locations":[{"start":{"line":191,"column":19},"end":{"line":222,"column":3}}]},"24":{"type":"branch","line":192,"loc":{"start":{"line":192,"column":39},"end":{"line":201,"column":5}},"locations":[{"start":{"line":192,"column":39},"end":{"line":201,"column":5}}]},"25":{"type":"branch","line":203,"loc":{"start":{"line":203,"column":42},"end":{"line":211,"column":5}},"locations":[{"start":{"line":203,"column":42},"end":{"line":211,"column":5}}]},"26":{"type":"branch","line":213,"loc":{"start":{"line":213,"column":39},"end":{"line":221,"column":5}},"locations":[{"start":{"line":213,"column":39},"end":{"line":221,"column":5}}]},"27":{"type":"branch","line":228,"loc":{"start":{"line":228,"column":23},"end":{"line":270,"column":3}},"locations":[{"start":{"line":228,"column":23},"end":{"line":270,"column":3}}]},"28":{"type":"branch","line":229,"loc":{"start":{"line":229,"column":36},"end":{"line":235,"column":5}},"locations":[{"start":{"line":229,"column":36},"end":{"line":235,"column":5}}]},"29":{"type":"branch","line":237,"loc":{"start":{"line":237,"column":46},"end":{"line":249,"column":5}},"locations":[{"start":{"line":237,"column":46},"end":{"line":249,"column":5}}]},"30":{"type":"branch","line":251,"loc":{"start":{"line":251,"column":38},"end":{"line":259,"column":5}},"locations":[{"start":{"line":251,"column":38},"end":{"line":259,"column":5}}]},"31":{"type":"branch","line":261,"loc":{"start":{"line":261,"column":43},"end":{"line":269,"column":5}},"locations":[{"start":{"line":261,"column":43},"end":{"line":269,"column":5}}]},"32":{"type":"branch","line":276,"loc":{"start":{"line":276,"column":20},"end":{"line":300,"column":3}},"locations":[{"start":{"line":276,"column":20},"end":{"line":300,"column":3}}]},"33":{"type":"branch","line":277,"loc":{"start":{"line":277,"column":46},"end":{"line":289,"column":5}},"locations":[{"start":{"line":277,"column":46},"end":{"line":289,"column":5}}]},"34":{"type":"branch","line":291,"loc":{"start":{"line":291,"column":48},"end":{"line":299,"column":5}},"locations":[{"start":{"line":291,"column":48},"end":{"line":299,"column":5}}]},"35":{"type":"branch","line":306,"loc":{"start":{"line":306,"column":23},"end":{"line":332,"column":3}},"locations":[{"start":{"line":306,"column":23},"end":{"line":332,"column":3}}]},"36":{"type":"branch","line":307,"loc":{"start":{"line":307,"column":36},"end":{"line":313,"column":5}},"locations":[{"start":{"line":307,"column":36},"end":{"line":313,"column":5}}]},"37":{"type":"branch","line":315,"loc":{"start":{"line":315,"column":38},"end":{"line":321,"column":5}},"locations":[{"start":{"line":315,"column":38},"end":{"line":321,"column":5}}]},"38":{"type":"branch","line":323,"loc":{"start":{"line":323,"column":47},"end":{"line":331,"column":5}},"locations":[{"start":{"line":323,"column":47},"end":{"line":331,"column":5}}]}},"b":{"0":[1],"1":[28],"2":[28],"3":[1],"4":[1],"5":[1],"6":[1],"7":[1],"8":[1],"9":[1],"10":[1],"11":[1],"12":[1],"13":[1],"14":[1],"15":[1],"16":[1],"17":[1],"18":[1],"19":[1],"20":[1],"21":[1],"22":[1],"23":[1],"24":[1],"25":[1],"26":[1],"27":[1],"28":[1],"29":[1],"30":[1],"31":[1],"32":[1],"33":[1],"34":[1],"35":[1],"36":[1],"37":[1],"38":[1]},"fnMap":{"0":{"name":"json","decl":{"start":{"line":9,"column":12},"end":{"line":9,"column":38}},"loc":{"start":{"line":9,"column":12},"end":{"line":9,"column":38}},"line":9}},"f":{"0":28}}
,"/Users/nattyb/Library/Mobile Documents/com~apple~CloudDocs/Documents/Peanut Graphic Coding Projects/Peanut/peanut-license-server/frontend/src/api/endpoints.ts": {"path":"/Users/nattyb/Library/Mobile Documents/com~apple~CloudDocs/Documents/Peanut Graphic Coding Projects/Peanut/peanut-license-server/frontend/src/api/endpoints.ts","all":false,"statementMap":{"0":{"start":{"line":1,"column":0},"end":{"line":1,"column":36}},"14":{"start":{"line":15,"column":0},"end":{"line":15,"column":25}},"15":{"start":{"line":16,"column":0},"end":{"line":16,"column":19}},"22":{"start":{"line":23,"column":0},"end":{"line":23,"column":66}},"24":{"start":{"line":25,"column":0},"end":{"line":25,"column":22}},"25":{"start":{"line":26,"column":0},"end":{"line":26,"column":41}},"27":{"start":{"line":28,"column":0},"end":{"line":28,"column":18}},"33":{"start":{"line":34,"column":0},"end":{"line":34,"column":36}},"34":{"start":{"line":35,"column":0},"end":{"line":35,"column":21}},"35":{"start":{"line":36,"column":0},"end":{"line":36,"column":33}},"36":{"start":{"line":37,"column":0},"end":{"line":37,"column":7}},"38":{"start":{"line":39,"column":0},"end":{"line":39,"column":49}},"39":{"start":{"line":40,"column":0},"end":{"line":40,"column":42}},"40":{"start":{"line":41,"column":0},"end":{"line":41,"column":22}},"41":{"start":{"line":42,"column":0},"end":{"line":42,"column":33}},"42":{"start":{"line":43,"column":0},"end":{"line":43,"column":7}},"44":{"start":{"line":45,"column":0},"end":{"line":45,"column":25}},"45":{"start":{"line":46,"column":0},"end":{"line":46,"column":55}},"46":{"start":{"line":47,"column":0},"end":{"line":47,"column":23}},"47":{"start":{"line":48,"column":0},"end":{"line":48,"column":7}},"49":{"start":{"line":50,"column":0},"end":{"line":50,"column":26}},"50":{"start":{"line":51,"column":0},"end":{"line":51,"column":50}},"51":{"start":{"line":52,"column":0},"end":{"line":52,"column":21}},"52":{"start":{"line":53,"column":0},"end":{"line":53,"column":7}},"54":{"start":{"line":55,"column":0},"end":{"line":55,"column":29}},"55":{"start":{"line":56,"column":0},"end":{"line":56,"column":53}},"56":{"start":{"line":57,"column":0},"end":{"line":57,"column":21}},"57":{"start":{"line":58,"column":0},"end":{"line":58,"column":7}},"59":{"start":{"line":60,"column":0},"end":{"line":60,"column":29}},"60":{"start":{"line":61,"column":0},"end":{"line":61,"column":53}},"61":{"start":{"line":62,"column":0},"end":{"line":62,"column":21}},"62":{"start":{"line":63,"column":0},"end":{"line":63,"column":7}},"64":{"start":{"line":65,"column":0},"end":{"line":65,"column":95}},"65":{"start":{"line":66,"column":0},"end":{"line":66,"column":51}},"66":{"start":{"line":67,"column":0},"end":{"line":67,"column":21}},"67":{"start":{"line":68,"column":0},"end":{"line":68,"column":33}},"68":{"start":{"line":69,"column":0},"end":{"line":69,"column":7}},"70":{"start":{"line":71,"column":0},"end":{"line":71,"column":33}},"71":{"start":{"line":72,"column":0},"end":{"line":72,"column":65}},"72":{"start":{"line":73,"column":0},"end":{"line":73,"column":2}},"75":{"start":{"line":76,"column":0},"end":{"line":76,"column":28}},"76":{"start":{"line":77,"column":0},"end":{"line":77,"column":29}},"77":{"start":{"line":78,"column":0},"end":{"line":78,"column":58}},"78":{"start":{"line":79,"column":0},"end":{"line":79,"column":23}},"79":{"start":{"line":80,"column":0},"end":{"line":80,"column":7}},"80":{"start":{"line":81,"column":0},"end":{"line":81,"column":2}},"83":{"start":{"line":84,"column":0},"end":{"line":84,"column":26}},"84":{"start":{"line":85,"column":0},"end":{"line":85,"column":17}},"85":{"start":{"line":86,"column":0},"end":{"line":86,"column":47}},"87":{"start":{"line":88,"column":0},"end":{"line":88,"column":63}},"88":{"start":{"line":89,"column":0},"end":{"line":89,"column":63}},"89":{"start":{"line":90,"column":0},"end":{"line":90,"column":2}},"92":{"start":{"line":93,"column":0},"end":{"line":93,"column":22}},"93":{"start":{"line":94,"column":0},"end":{"line":94,"column":19}},"100":{"start":{"line":101,"column":0},"end":{"line":101,"column":66}},"102":{"start":{"line":103,"column":0},"end":{"line":103,"column":41}},"103":{"start":{"line":104,"column":0},"end":{"line":104,"column":58}},"104":{"start":{"line":105,"column":0},"end":{"line":105,"column":2}},"107":{"start":{"line":108,"column":0},"end":{"line":108,"column":21}},"108":{"start":{"line":109,"column":0},"end":{"line":109,"column":28}},"109":{"start":{"line":110,"column":0},"end":{"line":110,"column":88}},"110":{"start":{"line":111,"column":0},"end":{"line":111,"column":21}},"111":{"start":{"line":112,"column":0},"end":{"line":112,"column":38}},"112":{"start":{"line":113,"column":0},"end":{"line":113,"column":7}},"114":{"start":{"line":115,"column":0},"end":{"line":115,"column":31}},"115":{"start":{"line":116,"column":0},"end":{"line":116,"column":73}},"116":{"start":{"line":117,"column":0},"end":{"line":117,"column":21}},"117":{"start":{"line":118,"column":0},"end":{"line":118,"column":38}},"118":{"start":{"line":119,"column":0},"end":{"line":119,"column":7}},"120":{"start":{"line":121,"column":0},"end":{"line":121,"column":28}},"121":{"start":{"line":122,"column":0},"end":{"line":122,"column":69}},"122":{"start":{"line":123,"column":0},"end":{"line":123,"column":21}},"123":{"start":{"line":124,"column":0},"end":{"line":124,"column":38}},"124":{"start":{"line":125,"column":0},"end":{"line":125,"column":7}},"125":{"start":{"line":126,"column":0},"end":{"line":126,"column":2}},"128":{"start":{"line":129,"column":0},"end":{"line":129,"column":25}},"129":{"start":{"line":130,"column":0},"end":{"line":130,"column":13}},"130":{"start":{"line":131,"column":0},"end":{"line":131,"column":37}},"132":{"start":{"line":133,"column":0},"end":{"line":133,"column":72}},"133":{"start":{"line":134,"column":0},"end":{"line":134,"column":36}},"134":{"start":{"line":135,"column":0},"end":{"line":135,"column":21}},"135":{"start":{"line":136,"column":0},"end":{"line":136,"column":33}},"136":{"start":{"line":137,"column":0},"end":{"line":137,"column":7}},"138":{"start":{"line":139,"column":0},"end":{"line":139,"column":25}},"139":{"start":{"line":140,"column":0},"end":{"line":140,"column":55}},"140":{"start":{"line":141,"column":0},"end":{"line":141,"column":23}},"141":{"start":{"line":142,"column":0},"end":{"line":142,"column":7}},"143":{"start":{"line":144,"column":0},"end":{"line":144,"column":41}},"144":{"start":{"line":145,"column":0},"end":{"line":145,"column":74}},"145":{"start":{"line":146,"column":0},"end":{"line":146,"column":21}},"146":{"start":{"line":147,"column":0},"end":{"line":147,"column":44}},"147":{"start":{"line":148,"column":0},"end":{"line":148,"column":7}},"148":{"start":{"line":149,"column":0},"end":{"line":149,"column":2}},"151":{"start":{"line":152,"column":0},"end":{"line":152,"column":22}},"152":{"start":{"line":153,"column":0},"end":{"line":153,"column":20}},"158":{"start":{"line":159,"column":0},"end":{"line":159,"column":73}},"159":{"start":{"line":160,"column":0},"end":{"line":160,"column":21}},"160":{"start":{"line":161,"column":0},"end":{"line":161,"column":33}},"161":{"start":{"line":162,"column":0},"end":{"line":162,"column":7}},"163":{"start":{"line":164,"column":0},"end":{"line":164,"column":83}},"164":{"start":{"line":165,"column":0},"end":{"line":165,"column":57}},"165":{"start":{"line":166,"column":0},"end":{"line":166,"column":21}},"166":{"start":{"line":167,"column":0},"end":{"line":167,"column":35}},"167":{"start":{"line":168,"column":0},"end":{"line":168,"column":7}},"168":{"start":{"line":169,"column":0},"end":{"line":169,"column":2}},"171":{"start":{"line":172,"column":0},"end":{"line":172,"column":25}},"172":{"start":{"line":173,"column":0},"end":{"line":173,"column":12}},"173":{"start":{"line":174,"column":0},"end":{"line":174,"column":42}},"175":{"start":{"line":176,"column":0},"end":{"line":176,"column":44}},"176":{"start":{"line":177,"column":0},"end":{"line":177,"column":43}},"177":{"start":{"line":178,"column":0},"end":{"line":178,"column":22}},"178":{"start":{"line":179,"column":0},"end":{"line":179,"column":33}},"179":{"start":{"line":180,"column":0},"end":{"line":180,"column":7}},"180":{"start":{"line":181,"column":0},"end":{"line":181,"column":2}},"183":{"start":{"line":184,"column":0},"end":{"line":184,"column":25}},"184":{"start":{"line":185,"column":0},"end":{"line":185,"column":13}},"185":{"start":{"line":186,"column":0},"end":{"line":186,"column":37}},"187":{"start":{"line":188,"column":0},"end":{"line":188,"column":24}},"188":{"start":{"line":189,"column":0},"end":{"line":189,"column":43}},"190":{"start":{"line":191,"column":0},"end":{"line":191,"column":51}},"191":{"start":{"line":192,"column":0},"end":{"line":192,"column":44}},"192":{"start":{"line":193,"column":0},"end":{"line":193,"column":22}},"193":{"start":{"line":194,"column":0},"end":{"line":194,"column":33}},"194":{"start":{"line":195,"column":0},"end":{"line":195,"column":7}},"195":{"start":{"line":196,"column":0},"end":{"line":196,"column":2}}},"s":{"0":1,"14":1,"15":1,"22":2,"24":1,"25":1,"27":1,"33":1,"34":1,"35":1,"36":1,"38":1,"39":1,"40":1,"41":1,"42":1,"44":1,"45":1,"46":1,"47":1,"49":1,"50":1,"51":1,"52":1,"54":1,"55":1,"56":1,"57":1,"59":1,"60":1,"61":1,"62":1,"64":1,"65":1,"66":1,"67":1,"68":1,"70":1,"71":1,"72":1,"75":1,"76":1,"77":1,"78":1,"79":1,"80":1,"83":1,"84":1,"85":1,"87":1,"88":1,"89":1,"92":1,"93":1,"100":1,"102":1,"103":1,"104":1,"107":1,"108":1,"109":1,"110":1,"111":1,"112":1,"114":1,"115":1,"116":1,"117":1,"118":1,"120":1,"121":1,"122":1,"123":1,"124":1,"125":1,"128":1,"129":1,"130":1,"132":1,"133":1,"134":1,"135":1,"136":1,"138":1,"139":1,"140":1,"141":1,"143":1,"144":1,"145":1,"146":1,"147":1,"148":1,"151":1,"152":1,"158":1,"159":1,"160":1,"161":1,"163":1,"164":1,"165":1,"166":1,"167":1,"168":1,"171":1,"172":1,"173":0,"175":1,"176":0,"177":0,"178":0,"179":0,"180":1,"183":1,"184":1,"185":1,"187":1,"188":1,"190":1,"191":1,"192":1,"193":1,"194":1,"195":1},"branchMap":{"0":{"type":"branch","line":16,"loc":{"start":{"line":16,"column":8},"end":{"line":23,"column":66}},"locations":[{"start":{"line":16,"column":8},"end":{"line":23,"column":66}}]},"1":{"type":"branch","line":25,"loc":{"start":{"line":25,"column":7},"end":{"line":26,"column":41}},"locations":[{"start":{"line":25,"column":7},"end":{"line":26,"column":41}}]},"2":{"type":"branch","line":28,"loc":{"start":{"line":28,"column":10},"end":{"line":37,"column":7}},"locations":[{"start":{"line":28,"column":10},"end":{"line":37,"column":7}}]},"3":{"type":"branch","line":39,"loc":{"start":{"line":39,"column":10},"end":{"line":43,"column":7}},"locations":[{"start":{"line":39,"column":10},"end":{"line":43,"column":7}}]},"4":{"type":"branch","line":45,"loc":{"start":{"line":45,"column":10},"end":{"line":48,"column":7}},"locations":[{"start":{"line":45,"column":10},"end":{"line":48,"column":7}}]},"5":{"type":"branch","line":50,"loc":{"start":{"line":50,"column":11},"end":{"line":53,"column":7}},"locations":[{"start":{"line":50,"column":11},"end":{"line":53,"column":7}}]},"6":{"type":"branch","line":55,"loc":{"start":{"line":55,"column":14},"end":{"line":58,"column":7}},"locations":[{"start":{"line":55,"column":14},"end":{"line":58,"column":7}}]},"7":{"type":"branch","line":60,"loc":{"start":{"line":60,"column":14},"end":{"line":63,"column":7}},"locations":[{"start":{"line":60,"column":14},"end":{"line":63,"column":7}}]},"8":{"type":"branch","line":65,"loc":{"start":{"line":65,"column":12},"end":{"line":69,"column":7}},"locations":[{"start":{"line":65,"column":12},"end":{"line":69,"column":7}}]},"9":{"type":"branch","line":71,"loc":{"start":{"line":71,"column":18},"end":{"line":72,"column":65}},"locations":[{"start":{"line":71,"column":18},"end":{"line":72,"column":65}}]},"10":{"type":"branch","line":77,"loc":{"start":{"line":77,"column":14},"end":{"line":80,"column":7}},"locations":[{"start":{"line":77,"column":14},"end":{"line":80,"column":7}}]},"11":{"type":"branch","line":85,"loc":{"start":{"line":85,"column":12},"end":{"line":86,"column":47}},"locations":[{"start":{"line":85,"column":12},"end":{"line":86,"column":47}}]},"12":{"type":"branch","line":88,"loc":{"start":{"line":88,"column":15},"end":{"line":89,"column":63}},"locations":[{"start":{"line":88,"column":15},"end":{"line":89,"column":63}}]},"13":{"type":"branch","line":94,"loc":{"start":{"line":94,"column":8},"end":{"line":101,"column":66}},"locations":[{"start":{"line":94,"column":8},"end":{"line":101,"column":66}}]},"14":{"type":"branch","line":103,"loc":{"start":{"line":103,"column":19},"end":{"line":104,"column":58}},"locations":[{"start":{"line":103,"column":19},"end":{"line":104,"column":58}}]},"15":{"type":"branch","line":109,"loc":{"start":{"line":109,"column":10},"end":{"line":113,"column":7}},"locations":[{"start":{"line":109,"column":10},"end":{"line":113,"column":7}}]},"16":{"type":"branch","line":115,"loc":{"start":{"line":115,"column":13},"end":{"line":119,"column":7}},"locations":[{"start":{"line":115,"column":13},"end":{"line":119,"column":7}}]},"17":{"type":"branch","line":121,"loc":{"start":{"line":121,"column":10},"end":{"line":125,"column":7}},"locations":[{"start":{"line":121,"column":10},"end":{"line":125,"column":7}}]},"18":{"type":"branch","line":130,"loc":{"start":{"line":130,"column":8},"end":{"line":131,"column":37}},"locations":[{"start":{"line":130,"column":8},"end":{"line":131,"column":37}}]},"19":{"type":"branch","line":133,"loc":{"start":{"line":133,"column":10},"end":{"line":137,"column":7}},"locations":[{"start":{"line":133,"column":10},"end":{"line":137,"column":7}}]},"20":{"type":"branch","line":139,"loc":{"start":{"line":139,"column":10},"end":{"line":142,"column":7}},"locations":[{"start":{"line":139,"column":10},"end":{"line":142,"column":7}}]},"21":{"type":"branch","line":144,"loc":{"start":{"line":144,"column":8},"end":{"line":148,"column":7}},"locations":[{"start":{"line":144,"column":8},"end":{"line":148,"column":7}}]},"22":{"type":"branch","line":153,"loc":{"start":{"line":153,"column":12},"end":{"line":162,"column":7}},"locations":[{"start":{"line":153,"column":12},"end":{"line":162,"column":7}}]},"23":{"type":"branch","line":164,"loc":{"start":{"line":164,"column":10},"end":{"line":168,"column":7}},"locations":[{"start":{"line":164,"column":10},"end":{"line":168,"column":7}}]},"24":{"type":"branch","line":185,"loc":{"start":{"line":185,"column":8},"end":{"line":186,"column":37}},"locations":[{"start":{"line":185,"column":8},"end":{"line":186,"column":37}}]},"25":{"type":"branch","line":188,"loc":{"start":{"line":188,"column":7},"end":{"line":189,"column":43}},"locations":[{"start":{"line":188,"column":7},"end":{"line":189,"column":43}}]},"26":{"type":"branch","line":191,"loc":{"start":{"line":191,"column":10},"end":{"line":195,"column":7}},"locations":[{"start":{"line":191,"column":10},"end":{"line":195,"column":7}}]}},"b":{"0":[2],"1":[1],"2":[1],"3":[1],"4":[1],"5":[1],"6":[1],"7":[1],"8":[1],"9":[1],"10":[1],"11":[1],"12":[1],"13":[1],"14":[1],"15":[1],"16":[1],"17":[1],"18":[1],"19":[1],"20":[1],"21":[1],"22":[1],"23":[1],"24":[1],"25":[1],"26":[1]},"fnMap":{"0":{"name":"list","decl":{"start":{"line":16,"column":8},"end":{"line":23,"column":66}},"loc":{"start":{"line":16,"column":8},"end":{"line":23,"column":66}},"line":16},"1":{"name":"get","decl":{"start":{"line":25,"column":7},"end":{"line":26,"column":41}},"loc":{"start":{"line":25,"column":7},"end":{"line":26,"column":41}},"line":25},"2":{"name":"create","decl":{"start":{"l
[...]
41,"column":0},"end":{"line":141,"column":15}},"141":{"start":{"line":142,"column":0},"end":{"line":142,"column":11}},"142":{"start":{"line":143,"column":0},"end":{"line":143,"column":9}},"143":{"start":{"line":144,"column":0},"end":{"line":144,"column":37}},"144":{"start":{"line":145,"column":0},"end":{"line":145,"column":18}},"145":{"start":{"line":146,"column":0},"end":{"line":146,"column":34}},"146":{"start":{"line":147,"column":0},"end":{"line":147,"column":49}},"147":{"start":{"line":148,"column":0},"end":{"line":148,"column":37}},"148":{"start":{"line":149,"column":0},"end":{"line":149,"column":86}},"149":{"start":{"line":150,"column":0},"end":{"line":150,"column":14}},"150":{"start":{"line":151,"column":0},"end":{"line":151,"column":18}},"151":{"start":{"line":152,"column":0},"end":{"line":152,"column":34}},"152":{"start":{"line":153,"column":0},"end":{"line":153,"column":24}},"153":{"start":{"line":154,"column":0},"end":{"line":154,"column":59}},"154":{"start":{"line":155,"column":0},"end":{"line":155,"column":36}},"155":{"start":{"line":156,"column":0},"end":{"line":156,"column":85}},"156":{"start":{"line":157,"column":0},"end":{"line":157,"column":14}},"157":{"start":{"line":158,"column":0},"end":{"line":158,"column":17}},"158":{"start":{"line":159,"column":0},"end":{"line":159,"column":79}},"159":{"start":{"line":160,"column":0},"end":{"line":160,"column":35}},"160":{"start":{"line":161,"column":0},"end":{"line":161,"column":90}},"161":{"start":{"line":162,"column":0},"end":{"line":162,"column":22}},"162":{"start":{"line":163,"column":0},"end":{"line":163,"column":105}},"163":{"start":{"line":164,"column":0},"end":{"line":164,"column":49}},"164":{"start":{"line":165,"column":0},"end":{"line":165,"column":94}},"165":{"start":{"line":166,"column":0},"end":{"line":166,"column":26}},"166":{"start":{"line":167,"column":0},"end":{"line":167,"column":37}},"167":{"start":{"line":168,"column":0},"end":{"line":168,"column":71}},"168":{"start":{"line":169,"column":0},"end":{"line":169,"column":40}},"169":{"start":{"line":170,"column":0},"end":{"line":170,"column":47}},"170":{"start":{"line":171,"column":0},"end":{"line":171,"column":104}},"171":{"start":{"line":172,"column":0},"end":{"line":172,"column":32}},"172":{"start":{"line":173,"column":0},"end":{"line":173,"column":121}},"173":{"start":{"line":174,"column":0},"end":{"line":174,"column":25}},"174":{"start":{"line":175,"column":0},"end":{"line":175,"column":24}},"175":{"start":{"line":176,"column":0},"end":{"line":176,"column":98}},"176":{"start":{"line":177,"column":0},"end":{"line":177,"column":22}},"177":{"start":{"line":178,"column":0},"end":{"line":178,"column":81}},"178":{"start":{"line":179,"column":0},"end":{"line":179,"column":26}},"179":{"start":{"line":180,"column":0},"end":{"line":180,"column":19}},"180":{"start":{"line":181,"column":0},"end":{"line":181,"column":20}},"181":{"start":{"line":182,"column":0},"end":{"line":182,"column":18}},"182":{"start":{"line":183,"column":0},"end":{"line":183,"column":16}},"183":{"start":{"line":184,"column":0},"end":{"line":184,"column":16}},"184":{"start":{"line":185,"column":0},"end":{"line":185,"column":12}},"185":{"start":{"line":186,"column":0},"end":{"line":186,"column":13}},"186":{"start":{"line":187,"column":0},"end":{"line":187,"column":4}},"187":{"start":{"line":188,"column":0},"end":{"line":188,"column":1}}},"s":{"0":0,"1":0,"2":0,"3":0,"4":0,"5":0,"6":0,"7":0,"8":0,"9":0,"10":0,"11":0,"12":0,"13":0,"14":0,"15":0,"16":0,"17":0,"18":0,"19":0,"20":0,"21":0,"22":0,"23":0,"24":0,"25":0,"26":0,"27":0,"28":0,"29":0,"30":0,"31":0,"32":0,"33":0,"34":0,"35":0,"36":0,"37":0,"38":0,"39":0,"40":0,"41":0,"42":0,"43":0,"44":0,"45":0,"46":0,"47":0,"48":0,"49":0,"50":0,"51":0,"52":0,"53":0,"54":0,"55":0,"56":0,"57":0,"58":0,"59":0,"60":0,"61":0,"62":0,"63":0,"64":0,"65":0,"66":0,"67":0,"68":0,"69":0,"70":0,"71":0,"72":0,"73":0,"74":0,"75":0,"76":0,"77":0,"78":0,"79":0,"80":0,"81":0,"82":0,"83":0,"84":0,"85":0,"86":0,"87":0,"88":0,"89":0,"90":0,"91":0,"92":0,"93":0,"94":0,"95":0,"96":0,"97":0,"98":0,"99":0,"100":0,"101":0,"102":0,"103":0,"104":0,"105":0,"106":0,"107":0,"108":0,"109":0,"110":0,"111":0,"112":0,"113":0,"114":0,"115":0,"116":0,"117":0,"118":0,"119":0,"120":0,"121":0,"122":0,"123":0,"124":0,"125":0,"126":0,"127":0,"128":0,"129":0,"130":0,"131":0,"132":0,"133":0,"134":0,"135":0,"136":0,"137":0,"138":0,"139":0,"140":0,"141":0,"142":0,"143":0,"144":0,"145":0,"146":0,"147":0,"148":0,"149":0,"150":0,"151":0,"152":0,"153":0,"154":0,"155":0,"156":0,"157":0,"158":0,"159":0,"160":0,"161":0,"162":0,"163":0,"164":0,"165":0,"166":0,"167":0,"168":0,"169":0,"170":0,"171":0,"172":0,"173":0,"174":0,"175":0,"176":0,"177":0,"178":0,"179":0,"180":0,"181":0,"182":0,"183":0,"184":0,"185":0,"186":0,"187":0},"branchMap":{"0":{"type":"branch","line":1,"loc":{"start":{"line":1,"column":0},"end":{"line":188,"column":1}},"locations":[{"start":{"line":1,"column":0},"end":{"line":188,"column":1}}]}},"b":{"0":[0]},"fnMap":{"0":{"name":"(empty-report)","decl":{"start":{"line":1,"column":0},"end":{"line":188,"column":1}},"loc":{"start":{"line":1,"column":0},"end":{"line":188,"column":1}},"line":1}},"f":{"0":0}}
,"/Users/nattyb/Library/Mobile Documents/com~apple~CloudDocs/Documents/Peanut Graphic Coding Projects/Peanut/peanut-license-server/frontend/src/pages/index.ts": {"path":"/Users/nattyb/Library/Mobile Documents/com~apple~CloudDocs/Documents/Peanut Graphic Coding Projects/Peanut/peanut-license-server/frontend/src/pages/index.ts","all":true,"statementMap":{"0":{"start":{"line":1,"column":0},"end":{"line":1,"column":51}},"1":{"start":{"line":2,"column":0},"end":{"line":2,"column":49}},"2":{"start":{"line":3,"column":0},"end":{"line":3,"column":51}},"3":{"start":{"line":4,"column":0},"end":{"line":4,"column":43}},"4":{"start":{"line":5,"column":0},"end":{"line":5,"column":49}},"5":{"start":{"line":6,"column":0},"end":{"line":6,"column":49}},"6":{"start":{"line":7,"column":0},"end":{"line":7,"column":41}},"7":{"start":{"line":8,"column":0},"end":{"line":8,"column":49}},"8":{"start":{"line":9,"column":0},"end":{"line":9,"column":49}}},"s":{"0":0,"1":0,"2":0,"3":0,"4":0,"5":0,"6":0,"7":0,"8":0},"branchMap":{"0":{"type":"branch","line":1,"loc":{"start":{"line":1,"column":0},"end":{"line":9,"column":49}},"locations":[{"start":{"line":1,"column":0},"end":{"line":9,"column":49}}]}},"b":{"0":[0]},"fnMap":{"0":{"name":"(empty-report)","decl":{"start":{"line":1,"column":0},"end":{"line":9,"column":49}},"loc":{"start":{"line":1,"column":0},"end":{"line":9,"column":49}},"line":1}},"f":{"0":0}}
,"/Users/nattyb/Library/Mobile Documents/com~apple~CloudDocs/Documents/Peanut Graphic Coding Projects/Peanut/peanut-license-server/frontend/src/types/index.ts": {"path":"/Users/nattyb/Library/Mobile Documents/com~apple~CloudDocs/Documents/Peanut Graphic Coding Projects/Peanut/peanut-license-server/frontend/src/types/index.ts","all":true,"statementMap":{"0":{"start":{"line":1,"column":0},"end":{"line":1,"column":16}},"1":{"start":{"line":2,"column":0},"end":{"line":2,"column":75}},"2":{"start":{"line":3,"column":0},"end":{"line":3,"column":52}},"3":{"start":{"line":4,"column":0},"end":{"line":4,"column":0}},"4":{"start":{"line":5,"column":0},"end":{"line":5,"column":26}},"5":{"start":{"line":6,"column":0},"end":{"line":6,"column":13}},"6":{"start":{"line":7,"column":0},"end":{"line":7,"column":22}},"7":{"start":{"line":8,"column":0},"end":{"line":8,"column":24}},"8":{"start":{"line":9,"column":0},"end":{"line":9,"column":20}},"9":{"start":{"line":10,"column":0},"end":{"line":10,"column":16}},"10":{"start":{"line":11,"column":0},"end":{"line":11,"column":20}},"11":{"start":{"line":12,"column":0},"end":{"line":12,"column":26}},"12":{"start":{"line":13,"column":0},"end":{"line":13,"column":28}},"13":{"start":{"line":14,"column":0},"end":{"line":14,"column":28}},"14":{"start":{"line":15,"column":0},"end":{"line":15,"column":21}},"15":{"start":{"line":16,"column":0},"end":{"line":16,"column":29}},"16":{"start":{"line":17,"column":0},"end":{"line":17,"column":37}},"17":{"start":{"line":18,"column":0},"end":{"line":18,"column":1}},"18":{"start":{"line":19,"column":0},"end":{"line":19,"column":0}},"19":{"start":{"line":20,"column":0},"end":{"line":20,"column":36}},"20":{"start":{"line":21,"column":0},"end":{"line":21,"column":13}},"21":{"start":{"line":22,"column":0},"end":{"line":22,"column":21}},"22":{"start":{"line":23,"column":0},"end":{"line":23,"column":19}},"23":{"start":{"line":24,"column":0},"end":{"line":24,"column":21}},"24":{"start":{"line":25,"column":0},"end":{"line":25,"column":23}},"25":{"start":{"line":26,"column":0},"end":{"line":26,"column":21}},"26":{"start":{"line":27,"column":0},"end":{"line":27,"column":22}},"27":{"start":{"line":28,"column":0},"end":{"line":28,"column":20}},"28":{"start":{"line":29,"column":0},"end":{"line":29,"column":1}},"29":{"start":{"line":30,"column":0},"end":{"line":30,"column":0}},"30":{"start":{"line":31,"column":0},"end":{"line":31,"column":13}},"31":{"start":{"line":32,"column":0},"end":{"line":32,"column":31}},"32":{"start":{"line":33,"column":0},"end":{"line":33,"column":16}},"33":{"start":{"line":34,"column":0},"end":{"line":34,"column":17}},"34":{"start":{"line":35,"column":0},"end":{"line":35,"column":18}},"35":{"start":{"line":36,"column":0},"end":{"line":36,"column":18}},"36":{"start":{"line":37,"column":0},"end":{"line":37,"column":20}},"37":{"start":{"line":38,"column":0},"end":{"line":38,"column":12}},"38":{"start":{"line":39,"column":0},"end":{"line":39,"column":17}},"39":{"start":{"line":40,"column":0},"end":{"line":40,"column":16}},"40":{"start":{"line":41,"column":0},"end":{"line":41,"column":19}},"41":{"start":{"line":42,"column":0},"end":{"line":42,"column":4}},"42":{"start":{"line":43,"column":0},"end":{"line":43,"column":16}},"43":{"start":{"line":44,"column":0},"end":{"line":44,"column":18}},"44":{"start":{"line":45,"column":0},"end":{"line":45,"column":19}},"45":{"start":{"line":46,"column":0},"end":{"line":46,"column":4}},"46":{"start":{"line":47,"column":0},"end":{"line":47,"column":12}},"47":{"start":{"line":48,"column":0},"end":{"line":48,"column":18}},"48":{"start":{"line":49,"column":0},"end":{"line":49,"column":23}},"49":{"start":{"line":50,"column":0},"end":{"line":50,"column":23}},"50":{"start":{"line":51,"column":0},"end":{"line":51,"column":4}},"51":{"start":{"line":52,"column":0},"end":{"line":52,"column":1}},"52":{"start":{"line":53,"column":0},"end":{"line":53,"column":0}},"53":{"start":{"line":54,"column":0},"end":{"line":54,"column":12}},"54":{"start":{"line":55,"column":0},"end":{"line":55,"column":32}},"55":{"start":{"line":56,"column":0},"end":{"line":56,"column":28}},"56":{"start":{"line":57,"column":0},"end":{"line":57,"column":17}},"57":{"start":{"line":58,"column":0},"end":{"line":58,"column":18}},"58":{"start":{"line":59,"column":0},"end":{"line":59,"column":20}},"59":{"start":{"line":60,"column":0},"end":{"line":60,"column":19}},"60":{"start":{"line":61,"column":0},"end":{"line":61,"column":5}},"61":{"start":{"line":62,"column":0},"end":{"line":62,"column":20}},"62":{"start":{"line":63,"column":0},"end":{"line":63,"column":21}},"63":{"start":{"line":64,"column":0},"end":{"line":64,"column":24}},"64":{"start":{"line":65,"column":0},"end":{"line":65,"column":23}},"65":{"start":{"line":66,"column":0},"end":{"line":66,"column":5}},"66":{"start":{"line":67,"column":0},"end":{"line":67,"column":28}},"67":{"start":{"line":68,"column":0},"end":{"line":68,"column":23}},"68":{"start":{"line":69,"column":0},"end":{"line":69,"column":18}},"69":{"start":{"line":70,"column":0},"end":{"line":70,"column":5}},"70":{"start":{"line":71,"column":0},"end":{"line":71,"column":21}},"71":{"start":{"line":72,"column":0},"end":{"line":72,"column":20}},"72":{"start":{"line":73,"column":0},"end":{"line":73,"column":18}},"73":{"start":{"line":74,"column":0},"end":{"line":74,"column":5}},"74":{"start":{"line":75,"column":0},"end":{"line":75,"column":1}},"75":{"start":{"line":76,"column":0},"end":{"line":76,"column":0}},"76":{"start":{"line":77,"column":0},"end":{"line":77,"column":14}},"77":{"start":{"line":78,"column":0},"end":{"line":78,"column":29}},"78":{"start":{"line":79,"column":0},"end":{"line":79,"column":13}},"79":{"start":{"line":80,"column":0},"end":{"line":80,"column":17}},"80":{"start":{"line":81,"column":0},"end":{"line":81,"column":65}},"81":{"start":{"line":82,"column":0},"end":{"line":82,"column":20}},"82":{"start":{"line":83,"column":0},"end":{"line":83,"column":19}},"83":{"start":{"line":84,"column":0},"end":{"line":84,"column":22}},"84":{"start":{"line":85,"column":0},"end":{"line":85,"column":18}},"85":{"start":{"line":86,"column":0},"end":{"line":86,"column":22}},"86":{"start":{"line":87,"column":0},"end":{"line":87,"column":21}},"87":{"start":{"line":88,"column":0},"end":{"line":88,"column":1}},"88":{"start":{"line":89,"column":0},"end":{"line":89,"column":0}},"89":{"start":{"line":90,"column":0},"end":{"line":90,"column":10}},"90":{"start":{"line":91,"column":0},"end":{"line":91,"column":26}},"91":{"start":{"line":92,"column":0},"end":{"line":92,"column":13}},"92":{"start":{"line":93,"column":0},"end":{"line":93,"column":15}},"93":{"start":{"line":94,"column":0},"end":{"line":94,"column":14}},"94":{"start":{"line":95,"column":0},"end":{"line":95,"column":19}},"95":{"start":{"line":96,"column":0},"end":{"line":96,"column":21}},"96":{"start":{"line":97,"column":0},"end":{"line":97,"column":18}},"97":{"start":{"line":98,"column":0},"end":{"line":98,"column":29}},"98":{"start":{"line":99,"column":0},"end":{"line":99,"column":24}},"99":{"start":{"line":100,"column":0},"end":{"line":100,"column":21}},"100":{"start":{"line":101,"column":0},"end":{"line":101,"column":1}},"101":{"start":{"line":102,"column":0},"end":{"line":102,"column":0}},"102":{"start":{"line":103,"column":0},"end":{"line":103,"column":17}},"103":{"start":{"line":104,"column":0},"end":{"line":104,"column":26}},"104":{"start":{"line":105,"column":0},"end":{"line":105,"column":13}},"105":{"start":{"line":106,"column":0},"end":{"line":106,"column":15}},"106":{"start":{"line":107,"column":0},"end":{"line":107,"column":15}},"107":{"start":{"line":108,"column":0},"end":{"line":108,"column":18}},"108":{"start":{"line":109,"column":0},"end":{"line":109,"column":24}},"109":{"start":{"line":110,"column":0},"end":{"line":110,"column":21}},"110":{"start":{"line":111,"column":0},"end":{"line":111,"column":24}},"111":{"start":{"line":112,"column":0},"end":{"line":112,"column":23}},"112":{"start":{"line":113,"column":0},"end":{"line":113,"column":24}},"113":{"start":{"line":114,"column":0},"end":{"line":114,"column":21}},"114":{"start":{"line":115,"column":0},"end":{"line":115,"column":1}},"115":{"start":{"line":116,"column":0},"end":{"line":116,"column":0}},"116":{"start":{"line":117,"column":0},"end":{"line":117,"column":11}},"117":{"start":{"line":118,"column":0},"end":{"line":118,"column":33}},"118":{"start":{"line":119,"column":0},"end":{"line":119,"column":23}},"119":{"start":{"line":120,"column":0},"end":{"line":120,"column":26}},"120":{"start":{"line":121,"column":0},"end":{"line":121,"column":25}},"121":{"start":{"line":122,"column":0},"end":{"line":122,"column":21}},"122":{"start":{"line":123,"column":0},"end":{"line":123,"column":23}},"123":{"start":{"line":124,"column":0},"end":{"line":124,"column":28}},"124":{"start":{"line":125,"column":0},"end":{"line":125,"column":25}},"125":{"start":{"line":126,"column":0},"end":{"line":126,"column":24}},"126":{"start":{"line":127,"column":0},"end":{"line":127,"column":30}},"127":{"start":{"line":128,"column":0},"end":{"line":128,"column":1}},"128":{"start":{"line":129,"column":0},"end":{"line":129,"column":0}},"129":{"start":{"line":130,"column":0},"end":{"line":130,"column":21}},"130":{"start":{"line":131,"column":0},"end":{"line":131,"column":33}},"131":{"start":{"line":132,"column":0},"end":{"line":132,"column":19}},"132":{"start":{"line":133,"column":0},"end":{"line":133,"column":11}},"133":{"start":{"line":134,"column":0},"end":{"line":134,"column":17}},"134":{"start":{"line":135,"column":0},"end":{"line":135,"column":19}},"135":{"start":{"line":136,"column":0},"end":{"line":136,"column":1}},"136":{"start":{"line":137,"column":0},"end":{"line":137,"column":0}},"137":{"start":{"line":138,"column":0},"end":{"line":138,"column":39}},"138":{"start":{"line":139,"column":0},"end":{"line":139,"column":12}},"139":{"start":{"line":140,"column":0},"end":{"line":140,"column":16}},"140":{"start":{"line":141,"column":0},"end":{"line":141,"column":15}},"141":{"start":{"line":142,"column":0},"end":{"line":142,"column":19}},"142":{"start":{"line":143,"column":0},"end":{"line":143,"column":22}},"143":{"start":{"line":144,"column":0},"end":{"line":144,"column":1}},"144":{"start":{"line":145,"column":0},"end":{"line":145,"column":0}},"145":{"start":{"line":146,"column":0},"end":{"line":146,"column":15}},"146":{"start":{"line":147,"column":0},"end":{"line":147,"column":70}},"147":{"start":{"line":148,"column":0},"end":{"line":148,"column":26}},"148":{"start":{"line":149,"column":0},"end":{"line":149,"column":21}},"149":{"start":{"line":150,"column":0},"end":{"line":150,"column":23}},"150":{"start":{"line":151,"column":0},"end":{"line":151,"column":21}},"151":{"start":{"line":152,"column":0},"end":{"line":152,"column":21}},"152":{"start":{"line":153,"column":0},"end":{"line":153,"column":24}},"153":{"start":{"line":154,"column":0},"end":{"line":154,"column":23}},"154":{"start":{"line":155,"column":0},"end":{"line":155,"column":23}},"155":{"start":{"line":156,"column":0},"end":{"line":156,"column":23}},"156":{"start":{"line":157,"column":0},"end":{"line":157,"column":0}},"157":{"start":{"line":158,"column":0},"end":{"line":158,"column":35}},"158":{"start":{"line":159,"column":0},"end":{"line":159,"column":13}},"159":{"start":{"line":160,"column":0},"end":{"line":160,"column":21}},"160":{"start":{"line":161,"column":0},"end":{"line":161,"column":25}},"161":{"start":{"line":162,"column":0},"end":{"line":162,"column":16}},"162":{"start":{"line":163,"column":0},"end":{"line":163,"column":22}},"163":{"start":{"line":164,"column":0},"end":{"line":164,"column":20}},"164":{"start":{"line":165,"column":0},"end":{"line":165,"column":37}},"165":{"start":{"line":166,"column":0},"end":{"line":166,"column":1}}},"s":{"0":0,"1":0,"2":0,"3":0,"4":0,"5":0,"6":0,"7":0,"8":0,"9":0,"10":0,"11":0,"12":0,"13":0,"14":0,"15":0,"16":0,"17":0,"18":0,"19":0,"20":0,"21":0,"22":0,"23":0,"24":0,"25":0,"26":0,"27":0,"28":0,"29":0,"30":0,"31":0,"32":0,"33":0,"34":0,"35":0,"36":0,"37":0,"38":0,"39":0,"40":0,"41":0,"42":0,"43":0,"44":0,"45":0,"46":0,"47":0,"48":0,"49":0,"50":0,"51":0,"52":0,"53":0,"54":0,"55":0,"56":0,"57":0,"58":0,"59":0,"60":0,"61":0,"62":0,"63":0,"64":0,"65":0,"66":0,"67":0,"68":0,"69":0,"70":0,"71":0,"72":0,"73":0,"74":0,"75":0,"76":0,"77":0,"78":0,"79":0,"80":0,"81":0,"82":0,"83":0,"84":0,"85":0,"86":0,"87":0,"88":0,"89":0,"90":0,"91":0,"92":0,"93":0,"94":0,"95":0,"96":0,"97":0,"98":0,"99":0,"100":0,"101":0,"102":0,"103":0,"104":0,"105":0,"106":0,"107":0,"108":0,"109":0,"110":0,"111":0,"112":0,"113":0,"114":0,"115":0,"116":0,"117":0,"118":0,"119":0,"120":0,"121":0,"122":0,"123":0,"124":0,"125":0,"126":0,"127":0,"128":0,"129":0,"130":0,"131":0,"132":0,"133":0,"134":0,"135":0,"136":0,"137":0,"138":0,"139":0,"140":0,"141":0,"142":0,"143":0,"144":0,"145":0,"146":0,"147":0,"148":0,"149":0,"150":0,"151":0,"152":0,"153":0,"154":0,"155":0,"156":0,"157":0,"158":0,"159":0,"160":0,"161":0,"162":0,"163":0,"164":0,"165":0},"branchMap":{"0":{"type":"branch","line":1,"loc":{"start":{"line":1,"column":0},"end":{"line":166,"column":1}},"locations":[{"start":{"line":1,"column":0},"end":{"line":166,"column":1}}]}},"b":{"0":[0]},"fnMap":{"0":{"name":"(empty-report)","decl":{"start":{"line":1,"column":0},"end":{"line":166,"column":1}},"loc":{"start":{"line":1,"column":0},"end":{"line":166,"column":1}},"line":1}},"f":{"0":0}}
}
